[ 2015-12-30T13:17:06+08:00 ] 127.0.0.1 /
INFO: [ app_init ] --START--
INFO: Run Behavior\BuildLiteBehavior [ RunTime:0.000024s ]
INFO: [ app_init ] --END-- [ RunTime:0.000987s ]
INFO: [ app_begin ] --START--
INFO: Run Behavior\ReadHtmlCacheBehavior [ RunTime:0.000375s ]
INFO: [ app_begin ] --END-- [ RunTime:0.000404s ]
NOTIC: [8] Undefined index: d1 /work/dipan.so/thinkphpDocument/Application/Document/Controller/IndexController.class.php 第 13 行.
NOTIC: [8] Undefined index: d2 /work/dipan.so/thinkphpDocument/Application/Document/Controller/IndexController.class.php 第 14 行.
NOTIC: [8] Undefined index: d3 /work/dipan.so/thinkphpDocument/Application/Document/Controller/IndexController.class.php 第 15 行.
INFO: [ view_parse ] --START--
INFO: [ template_filter ] --START--
INFO: Run Behavior\ContentReplaceBehavior [ RunTime:0.000040s ]
INFO: [ template_filter ] --END-- [ RunTime:0.000066s ]
INFO: Run Behavior\ParseTemplateBehavior [ RunTime:0.005319s ]
INFO: [ view_parse ] --END-- [ RunTime:0.005345s ]
INFO: [ view_filter ] --START--
INFO: Run Behavior\WriteHtmlCacheBehavior [ RunTime:0.000430s ]
INFO: [ view_filter ] --END-- [ RunTime:0.000451s ]
INFO: [ app_end ] --START--
INFO: Run Behavior\ShowPageTraceBehavior [ RunTime:0.000405s ]
INFO: [ app_end ] --END-- [ RunTime:0.000428s ]

[ 2015-12-30T13:17:06+08:00 ] 127.0.0.1 /Document/Item/getItem
INFO: [ app_init ] --START--
INFO: Run Behavior\BuildLiteBehavior [ RunTime:0.000013s ]
INFO: [ app_init ] --END-- [ RunTime:0.000237s ]
INFO: [ app_begin ] --START--
INFO: Run Behavior\ReadHtmlCacheBehavior [ RunTime:0.000290s ]
INFO: [ app_begin ] --END-- [ RunTime:0.000324s ]
NOTIC: [2048] Non-static method Document\Server\ItemServer::showAll() should not be called statically, assuming $this from incompatible context /work/dipan.so/thinkphpDocument/Application/Document/Controller/ItemController.class.php 第 27 行.
NOTIC: [2048] Non-static method Document\Model\ItemModel::showAll() should not be called statically, assuming $this from incompatible context /work/dipan.so/thinkphpDocument/Application/Document/Server/ItemServer.class.php 第 24 行.
NOTIC: [2048] Non-static method Document\Model\ItemModel::init() should not be called statically, assuming $this from incompatible context /work/dipan.so/thinkphpDocument/Application/Document/Model/ItemModel.class.php 第 31 行.
NOTIC: [2048] Declaration of Think\Model\MongoModel::setInc() should be compatible with Think\Model::setInc($field, $step = 1, $lazyTime = 0) /work/dipan.so/thinkphpDocument/ThinkPHP/Library/Think/Model/MongoModel.class.php 第 17 行.
NOTIC: [2048] Declaration of Think\Model\MongoModel::setDec() should be compatible with Think\Model::setDec($field, $step = 1, $lazyTime = 0) /work/dipan.so/thinkphpDocument/ThinkPHP/Library/Think/Model/MongoModel.class.php 第 17 行.
NOTIC: [2048] Declaration of Think\Db\Driver\Mongo::connect() should be compatible with Think\Db\Driver::connect($config = '', $linkNum = 0, $autoConnection = false) /work/dipan.so/thinkphpDocument/ThinkPHP/Library/Think/Db/Driver/Mongo.class.php 第 18 行.
NOTIC: [2048] Declaration of Think\Db\Driver\Mongo::insertAll() should be compatible with Think\Db\Driver::insertAll($dataSet, $options = Array, $replace = false) /work/dipan.so/thinkphpDocument/ThinkPHP/Library/Think/Db/Driver/Mongo.class.php 第 18 行.
SQL: document.getCollection(item) [ RunTime:0.0005s ]
SQL: document.item.find({}) [ RunTime:0.0011s ]

[ 2015-12-30T13:17:06+08:00 ] 127.0.0.1 /favicon.ico
INFO: [ app_init ] --START--
INFO: Run Behavior\BuildLiteBehavior [ RunTime:0.000007s ]
INFO: [ app_init ] --END-- [ RunTime:0.000143s ]

[ 2015-12-30T13:17:06+08:00 ] 127.0.0.1 /Document/Item/getItem
INFO: [ app_init ] --START--
INFO: Run Behavior\BuildLiteBehavior [ RunTime:0.000009s ]
INFO: [ app_init ] --END-- [ RunTime:0.000198s ]
INFO: [ app_begin ] --START--
INFO: Run Behavior\ReadHtmlCacheBehavior [ RunTime:0.000261s ]
INFO: [ app_begin ] --END-- [ RunTime:0.000295s ]
NOTIC: [2048] Non-static method Document\Server\ItemServer::showAll() should not be called statically, assuming $this from incompatible context /work/dipan.so/thinkphpDocument/Application/Document/Controller/ItemController.class.php 第 27 行.
NOTIC: [2048] Non-static method Document\Model\ItemModel::showAll() should not be called statically, assuming $this from incompatible context /work/dipan.so/thinkphpDocument/Application/Document/Server/ItemServer.class.php 第 24 行.
NOTIC: [2048] Non-static method Document\Model\ItemModel::init() should not be called statically, assuming $this from incompatible context /work/dipan.so/thinkphpDocument/Application/Document/Model/ItemModel.class.php 第 31 行.
NOTIC: [2048] Declaration of Think\Model\MongoModel::setInc() should be compatible with Think\Model::setInc($field, $step = 1, $lazyTime = 0) /work/dipan.so/thinkphpDocument/ThinkPHP/Library/Think/Model/MongoModel.class.php 第 17 行.
NOTIC: [2048] Declaration of Think\Model\MongoModel::setDec() should be compatible with Think\Model::setDec($field, $step = 1, $lazyTime = 0) /work/dipan.so/thinkphpDocument/ThinkPHP/Library/Think/Model/MongoModel.class.php 第 17 行.
NOTIC: [2048] Declaration of Think\Db\Driver\Mongo::connect() should be compatible with Think\Db\Driver::connect($config = '', $linkNum = 0, $autoConnection = false) /work/dipan.so/thinkphpDocument/ThinkPHP/Library/Think/Db/Driver/Mongo.class.php 第 18 行.
NOTIC: [2048] Declaration of Think\Db\Driver\Mongo::insertAll() should be compatible with Think\Db\Driver::insertAll($dataSet, $options = Array, $replace = false) /work/dipan.so/thinkphpDocument/ThinkPHP/Library/Think/Db/Driver/Mongo.class.php 第 18 行.
SQL: document.getCollection(item) [ RunTime:0.0001s ]
SQL: document.item.find({}) [ RunTime:0.0001s ]

[ 2015-12-30T13:17:58+08:00 ] 127.0.0.1 /Index/index/d1/ADMIN-ITEM-LIST/d2/ADMIN-ITEM-ADD/
INFO: [ app_init ] --START--
INFO: Run Behavior\BuildLiteBehavior [ RunTime:0.000008s ]
INFO: [ app_init ] --END-- [ RunTime:0.000155s ]
INFO: [ app_begin ] --START--
INFO: Run Behavior\ReadHtmlCacheBehavior [ RunTime:0.000194s ]
INFO: [ app_begin ] --END-- [ RunTime:0.000216s ]
NOTIC: [8] Undefined index: d3 /work/dipan.so/thinkphpDocument/Application/Document/Controller/IndexController.class.php 第 15 行.
INFO: [ view_parse ] --START--
INFO: [ template_filter ] --START--
INFO: Run Behavior\ContentReplaceBehavior [ RunTime:0.000158s ]
INFO: [ template_filter ] --END-- [ RunTime:0.000181s ]
INFO: Run Behavior\ParseTemplateBehavior [ RunTime:0.003292s ]
INFO: [ view_parse ] --END-- [ RunTime:0.003322s ]
INFO: [ view_filter ] --START--
INFO: Run Behavior\WriteHtmlCacheBehavior [ RunTime:0.000067s ]
INFO: [ view_filter ] --END-- [ RunTime:0.000083s ]
INFO: [ app_end ] --START--
INFO: Run Behavior\ShowPageTraceBehavior [ RunTime:0.000210s ]
INFO: [ app_end ] --END-- [ RunTime:0.000228s ]

[ 2015-12-30T13:17:59+08:00 ] 127.0.0.1 /Document/Item/getItem
INFO: [ app_init ] --START--
INFO: Run Behavior\BuildLiteBehavior [ RunTime:0.000015s ]
INFO: [ app_init ] --END-- [ RunTime:0.000191s ]
INFO: [ app_begin ] --START--
INFO: Run Behavior\ReadHtmlCacheBehavior [ RunTime:0.000272s ]
INFO: [ app_begin ] --END-- [ RunTime:0.000315s ]
NOTIC: [2048] Non-static method Document\Server\ItemServer::showAll() should not be called statically, assuming $this from incompatible context /work/dipan.so/thinkphpDocument/Application/Document/Controller/ItemController.class.php 第 27 行.
NOTIC: [2048] Non-static method Document\Model\ItemModel::showAll() should not be called statically, assuming $this from incompatible context /work/dipan.so/thinkphpDocument/Application/Document/Server/ItemServer.class.php 第 24 行.
NOTIC: [2048] Non-static method Document\Model\ItemModel::init() should not be called statically, assuming $this from incompatible context /work/dipan.so/thinkphpDocument/Application/Document/Model/ItemModel.class.php 第 31 行.
NOTIC: [2048] Declaration of Think\Model\MongoModel::setInc() should be compatible with Think\Model::setInc($field, $step = 1, $lazyTime = 0) /work/dipan.so/thinkphpDocument/ThinkPHP/Library/Think/Model/MongoModel.class.php 第 17 行.
NOTIC: [2048] Declaration of Think\Model\MongoModel::setDec() should be compatible with Think\Model::setDec($field, $step = 1, $lazyTime = 0) /work/dipan.so/thinkphpDocument/ThinkPHP/Library/Think/Model/MongoModel.class.php 第 17 行.
NOTIC: [2048] Declaration of Think\Db\Driver\Mongo::connect() should be compatible with Think\Db\Driver::connect($config = '', $linkNum = 0, $autoConnection = false) /work/dipan.so/thinkphpDocument/ThinkPHP/Library/Think/Db/Driver/Mongo.class.php 第 18 行.
NOTIC: [2048] Declaration of Think\Db\Driver\Mongo::insertAll() should be compatible with Think\Db\Driver::insertAll($dataSet, $options = Array, $replace = false) /work/dipan.so/thinkphpDocument/ThinkPHP/Library/Think/Db/Driver/Mongo.class.php 第 18 行.
SQL: document.getCollection(item) [ RunTime:0.0000s ]
SQL: document.item.find({}) [ RunTime:0.0000s ]

[ 2015-12-30T13:17:59+08:00 ] 127.0.0.1 /Document/Item/getItem
INFO: [ app_init ] --START--
INFO: Run Behavior\BuildLiteBehavior [ RunTime:0.000007s ]
INFO: [ app_init ] --END-- [ RunTime:0.000170s ]
INFO: [ app_begin ] --START--
INFO: Run Behavior\ReadHtmlCacheBehavior [ RunTime:0.000194s ]
INFO: [ app_begin ] --END-- [ RunTime:0.000218s ]
NOTIC: [2048] Non-static method Document\Server\ItemServer::showAll() should not be called statically, assuming $this from incompatible context /work/dipan.so/thinkphpDocument/Application/Document/Controller/ItemController.class.php 第 27 行.
NOTIC: [2048] Non-static method Document\Model\ItemModel::showAll() should not be called statically, assuming $this from incompatible context /work/dipan.so/thinkphpDocument/Application/Document/Server/ItemServer.class.php 第 24 行.
NOTIC: [2048] Non-static method Document\Model\ItemModel::init() should not be called statically, assuming $this from incompatible context /work/dipan.so/thinkphpDocument/Application/Document/Model/ItemModel.class.php 第 31 行.
NOTIC: [2048] Declaration of Think\Model\MongoModel::setInc() should be compatible with Think\Model::setInc($field, $step = 1, $lazyTime = 0) /work/dipan.so/thinkphpDocument/ThinkPHP/Library/Think/Model/MongoModel.class.php 第 17 行.
NOTIC: [2048] Declaration of Think\Model\MongoModel::setDec() should be compatible with Think\Model::setDec($field, $step = 1, $lazyTime = 0) /work/dipan.so/thinkphpDocument/ThinkPHP/Library/Think/Model/MongoModel.class.php 第 17 行.
NOTIC: [2048] Declaration of Think\Db\Driver\Mongo::connect() should be compatible with Think\Db\Driver::connect($config = '', $linkNum = 0, $autoConnection = false) /work/dipan.so/thinkphpDocument/ThinkPHP/Library/Think/Db/Driver/Mongo.class.php 第 18 行.
NOTIC: [2048] Declaration of Think\Db\Driver\Mongo::insertAll() should be compatible with Think\Db\Driver::insertAll($dataSet, $options = Array, $replace = false) /work/dipan.so/thinkphpDocument/ThinkPHP/Library/Think/Db/Driver/Mongo.class.php 第 18 行.
SQL: document.getCollection(item) [ RunTime:0.0000s ]
SQL: document.item.find({}) [ RunTime:0.0000s ]

[ 2015-12-30T13:18:56+08:00 ] 127.0.0.1 /
INFO: [ app_init ] --START--
INFO: Run Behavior\BuildLiteBehavior [ RunTime:0.000008s ]
INFO: [ app_init ] --END-- [ RunTime:0.000160s ]
INFO: [ app_begin ] --START--
INFO: Run Behavior\ReadHtmlCacheBehavior [ RunTime:0.000195s ]
INFO: [ app_begin ] --END-- [ RunTime:0.000221s ]
NOTIC: [8] Undefined index: d1 /work/dipan.so/thinkphpDocument/Application/Document/Controller/IndexController.class.php 第 13 行.
NOTIC: [8] Undefined index: d2 /work/dipan.so/thinkphpDocument/Application/Document/Controller/IndexController.class.php 第 14 行.
NOTIC: [8] Undefined index: d3 /work/dipan.so/thinkphpDocument/Application/Document/Controller/IndexController.class.php 第 15 行.
INFO: [ view_parse ] --START--
INFO: [ template_filter ] --START--
INFO: Run Behavior\ContentReplaceBehavior [ RunTime:0.000022s ]
INFO: [ template_filter ] --END-- [ RunTime:0.000057s ]
INFO: Run Behavior\ParseTemplateBehavior [ RunTime:0.002736s ]
INFO: [ view_parse ] --END-- [ RunTime:0.002760s ]
INFO: [ view_filter ] --START--
INFO: Run Behavior\WriteHtmlCacheBehavior [ RunTime:0.000078s ]
INFO: [ view_filter ] --END-- [ RunTime:0.000096s ]
INFO: [ app_end ] --START--
INFO: Run Behavior\ShowPageTraceBehavior [ RunTime:0.000214s ]
INFO: [ app_end ] --END-- [ RunTime:0.000232s ]

[ 2015-12-30T13:18:56+08:00 ] 127.0.0.1 /Document/Item/getItem
INFO: [ app_init ] --START--
INFO: Run Behavior\BuildLiteBehavior [ RunTime:0.000009s ]
INFO: [ app_init ] --END-- [ RunTime:0.000169s ]
INFO: [ app_begin ] --START--
INFO: Run Behavior\ReadHtmlCacheBehavior [ RunTime:0.000205s ]
INFO: [ app_begin ] --END-- [ RunTime:0.000231s ]
NOTIC: [2048] Non-static method Document\Server\ItemServer::showAll() should not be called statically, assuming $this from incompatible context /work/dipan.so/thinkphpDocument/Application/Document/Controller/ItemController.class.php 第 27 行.
NOTIC: [2048] Non-static method Document\Model\ItemModel::showAll() should not be called statically, assuming $this from incompatible context /work/dipan.so/thinkphpDocument/Application/Document/Server/ItemServer.class.php 第 24 行.
NOTIC: [2048] Non-static method Document\Model\ItemModel::init() should not be called statically, assuming $this from incompatible context /work/dipan.so/thinkphpDocument/Application/Document/Model/ItemModel.class.php 第 31 行.
NOTIC: [2048] Declaration of Think\Model\MongoModel::setInc() should be compatible with Think\Model::setInc($field, $step = 1, $lazyTime = 0) /work/dipan.so/thinkphpDocument/ThinkPHP/Library/Think/Model/MongoModel.class.php 第 17 行.
NOTIC: [2048] Declaration of Think\Model\MongoModel::setDec() should be compatible with Think\Model::setDec($field, $step = 1, $lazyTime = 0) /work/dipan.so/thinkphpDocument/ThinkPHP/Library/Think/Model/MongoModel.class.php 第 17 行.
NOTIC: [2048] Declaration of Think\Db\Driver\Mongo::connect() should be compatible with Think\Db\Driver::connect($config = '', $linkNum = 0, $autoConnection = false) /work/dipan.so/thinkphpDocument/ThinkPHP/Library/Think/Db/Driver/Mongo.class.php 第 18 行.
NOTIC: [2048] Declaration of Think\Db\Driver\Mongo::insertAll() should be compatible with Think\Db\Driver::insertAll($dataSet, $options = Array, $replace = false) /work/dipan.so/thinkphpDocument/ThinkPHP/Library/Think/Db/Driver/Mongo.class.php 第 18 行.
SQL: document.getCollection(item) [ RunTime:0.0000s ]
SQL: document.item.find({}) [ RunTime:0.0000s ]

[ 2015-12-30T13:18:57+08:00 ] 127.0.0.1 /Document/Item/getItem
INFO: [ app_init ] --START--
INFO: Run Behavior\BuildLiteBehavior [ RunTime:0.000008s ]
INFO: [ app_init ] --END-- [ RunTime:0.000168s ]
INFO: [ app_begin ] --START--
INFO: Run Behavior\ReadHtmlCacheBehavior [ RunTime:0.000217s ]
INFO: [ app_begin ] --END-- [ RunTime:0.000242s ]
NOTIC: [2048] Non-static method Document\Server\ItemServer::showAll() should not be called statically, assuming $this from incompatible context /work/dipan.so/thinkphpDocument/Application/Document/Controller/ItemController.class.php 第 27 行.
NOTIC: [2048] Non-static method Document\Model\ItemModel::showAll() should not be called statically, assuming $this from incompatible context /work/dipan.so/thinkphpDocument/Application/Document/Server/ItemServer.class.php 第 24 行.
NOTIC: [2048] Non-static method Document\Model\ItemModel::init() should not be called statically, assuming $this from incompatible context /work/dipan.so/thinkphpDocument/Application/Document/Model/ItemModel.class.php 第 31 行.
NOTIC: [2048] Declaration of Think\Model\MongoModel::setInc() should be compatible with Think\Model::setInc($field, $step = 1, $lazyTime = 0) /work/dipan.so/thinkphpDocument/ThinkPHP/Library/Think/Model/MongoModel.class.php 第 17 行.
NOTIC: [2048] Declaration of Think\Model\MongoModel::setDec() should be compatible with Think\Model::setDec($field, $step = 1, $lazyTime = 0) /work/dipan.so/thinkphpDocument/ThinkPHP/Library/Think/Model/MongoModel.class.php 第 17 行.
NOTIC: [2048] Declaration of Think\Db\Driver\Mongo::connect() should be compatible with Think\Db\Driver::connect($config = '', $linkNum = 0, $autoConnection = false) /work/dipan.so/thinkphpDocument/ThinkPHP/Library/Think/Db/Driver/Mongo.class.php 第 18 行.
NOTIC: [2048] Declaration of Think\Db\Driver\Mongo::insertAll() should be compatible with Think\Db\Driver::insertAll($dataSet, $options = Array, $replace = false) /work/dipan.so/thinkphpDocument/ThinkPHP/Library/Think/Db/Driver/Mongo.class.php 第 18 行.
SQL: document.getCollection(item) [ RunTime:0.0000s ]
SQL: document.item.find({}) [ RunTime:0.0000s ]

[ 2015-12-30T13:19:13+08:00 ] 127.0.0.1 /
INFO: [ app_init ] --START--
INFO: Run Behavior\BuildLiteBehavior [ RunTime:0.000008s ]
INFO: [ app_init ] --END-- [ RunTime:0.000150s ]
INFO: [ app_begin ] --START--
INFO: Run Behavior\ReadHtmlCacheBehavior [ RunTime:0.000190s ]
INFO: [ app_begin ] --END-- [ RunTime:0.000213s ]
NOTIC: [8] Undefined index: d1 /work/dipan.so/thinkphpDocument/Application/Document/Controller/IndexController.class.php 第 13 行.
NOTIC: [8] Undefined index: d2 /work/dipan.so/thinkphpDocument/Application/Document/Controller/IndexController.class.php 第 14 行.
NOTIC: [8] Undefined index: d3 /work/dipan.so/thinkphpDocument/Application/Document/Controller/IndexController.class.php 第 15 行.
INFO: [ view_parse ] --START--
INFO: [ template_filter ] --START--
INFO: Run Behavior\ContentReplaceBehavior [ RunTime:0.000018s ]
INFO: [ template_filter ] --END-- [ RunTime:0.000046s ]
INFO: Run Behavior\ParseTemplateBehavior [ RunTime:0.002490s ]
INFO: [ view_parse ] --END-- [ RunTime:0.002512s ]
INFO: [ view_filter ] --START--
INFO: Run Behavior\WriteHtmlCacheBehavior [ RunTime:0.000070s ]
INFO: [ view_filter ] --END-- [ RunTime:0.000086s ]
INFO: [ app_end ] --START--
INFO: Run Behavior\ShowPageTraceBehavior [ RunTime:0.000206s ]
INFO: [ app_end ] --END-- [ RunTime:0.000223s ]

[ 2015-12-30T13:19:14+08:00 ] 127.0.0.1 /Document/Item/getItem
INFO: [ app_init ] --START--
INFO: Run Behavior\BuildLiteBehavior [ RunTime:0.000009s ]
INFO: [ app_init ] --END-- [ RunTime:0.000157s ]
INFO: [ app_begin ] --START--
INFO: Run Behavior\ReadHtmlCacheBehavior [ RunTime:0.000204s ]
INFO: [ app_begin ] --END-- [ RunTime:0.000227s ]
NOTIC: [2048] Non-static method Document\Server\ItemServer::showAll() should not be called statically, assuming $this from incompatible context /work/dipan.so/thinkphpDocument/Application/Document/Controller/ItemController.class.php 第 27 行.
NOTIC: [2048] Non-static method Document\Model\ItemModel::showAll() should not be called statically, assuming $this from incompatible context /work/dipan.so/thinkphpDocument/Application/Document/Server/ItemServer.class.php 第 24 行.
NOTIC: [2048] Non-static method Document\Model\ItemModel::init() should not be called statically, assuming $this from incompatible context /work/dipan.so/thinkphpDocument/Application/Document/Model/ItemModel.class.php 第 31 行.
NOTIC: [2048] Declaration of Think\Model\MongoModel::setInc() should be compatible with Think\Model::setInc($field, $step = 1, $lazyTime = 0) /work/dipan.so/thinkphpDocument/ThinkPHP/Library/Think/Model/MongoModel.class.php 第 17 行.
NOTIC: [2048] Declaration of Think\Model\MongoModel::setDec() should be compatible with Think\Model::setDec($field, $step = 1, $lazyTime = 0) /work/dipan.so/thinkphpDocument/ThinkPHP/Library/Think/Model/MongoModel.class.php 第 17 行.
NOTIC: [2048] Declaration of Think\Db\Driver\Mongo::connect() should be compatible with Think\Db\Driver::connect($config = '', $linkNum = 0, $autoConnection = false) /work/dipan.so/thinkphpDocument/ThinkPHP/Library/Think/Db/Driver/Mongo.class.php 第 18 行.
NOTIC: [2048] Declaration of Think\Db\Driver\Mongo::insertAll() should be compatible with Think\Db\Driver::insertAll($dataSet, $options = Array, $replace = false) /work/dipan.so/thinkphpDocument/ThinkPHP/Library/Think/Db/Driver/Mongo.class.php 第 18 行.
SQL: document.getCollection(item) [ RunTime:0.0000s ]
SQL: document.item.find({}) [ RunTime:0.0000s ]

[ 2015-12-30T13:19:14+08:00 ] 127.0.0.1 /Document/Item/getItem
INFO: [ app_init ] --START--
INFO: Run Behavior\BuildLiteBehavior [ RunTime:0.000008s ]
INFO: [ app_init ] --END-- [ RunTime:0.000152s ]
INFO: [ app_begin ] --START--
INFO: Run Behavior\ReadHtmlCacheBehavior [ RunTime:0.000184s ]
INFO: [ app_begin ] --END-- [ RunTime:0.000206s ]
NOTIC: [2048] Non-static method Document\Server\ItemServer::showAll() should not be called statically, assuming $this from incompatible context /work/dipan.so/thinkphpDocument/Application/Document/Controller/ItemController.class.php 第 27 行.
NOTIC: [2048] Non-static method Document\Model\ItemModel::showAll() should not be called statically, assuming $this from incompatible context /work/dipan.so/thinkphpDocument/Application/Document/Server/ItemServer.class.php 第 24 行.
NOTIC: [2048] Non-static method Document\Model\ItemModel::init() should not be called statically, assuming $this from incompatible context /work/dipan.so/thinkphpDocument/Application/Document/Model/ItemModel.class.php 第 31 行.
NOTIC: [2048] Declaration of Think\Model\MongoModel::setInc() should be compatible with Think\Model::setInc($field, $step = 1, $lazyTime = 0) /work/dipan.so/thinkphpDocument/ThinkPHP/Library/Think/Model/MongoModel.class.php 第 17 行.
NOTIC: [2048] Declaration of Think\Model\MongoModel::setDec() should be compatible with Think\Model::setDec($field, $step = 1, $lazyTime = 0) /work/dipan.so/thinkphpDocument/ThinkPHP/Library/Think/Model/MongoModel.class.php 第 17 行.
NOTIC: [2048] Declaration of Think\Db\Driver\Mongo::connect() should be compatible with Think\Db\Driver::connect($config = '', $linkNum = 0, $autoConnection = false) /work/dipan.so/thinkphpDocument/ThinkPHP/Library/Think/Db/Driver/Mongo.class.php 第 18 行.
NOTIC: [2048] Declaration of Think\Db\Driver\Mongo::insertAll() should be compatible with Think\Db\Driver::insertAll($dataSet, $options = Array, $replace = false) /work/dipan.so/thinkphpDocument/ThinkPHP/Library/Think/Db/Driver/Mongo.class.php 第 18 行.
SQL: document.getCollection(item) [ RunTime:0.0000s ]
SQL: document.item.find({}) [ RunTime:0.0000s ]

[ 2015-12-30T13:20:31+08:00 ] 127.0.0.1 /
INFO: [ app_init ] --START--
INFO: Run Behavior\BuildLiteBehavior [ RunTime:0.000007s ]
INFO: [ app_init ] --END-- [ RunTime:0.000181s ]
INFO: [ app_begin ] --START--
INFO: Run Behavior\ReadHtmlCacheBehavior [ RunTime:0.000227s ]
INFO: [ app_begin ] --END-- [ RunTime:0.000261s ]
NOTIC: [8] Undefined index: d1 /work/dipan.so/thinkphpDocument/Application/Document/Controller/IndexController.class.php 第 13 行.
NOTIC: [8] Undefined index: d2 /work/dipan.so/thinkphpDocument/Application/Document/Controller/IndexController.class.php 第 14 行.
NOTIC: [8] Undefined index: d3 /work/dipan.so/thinkphpDocument/Application/Document/Controller/IndexController.class.php 第 15 行.
INFO: [ view_parse ] --START--
INFO: [ template_filter ] --START--
INFO: Run Behavior\ContentReplaceBehavior [ RunTime:0.000028s ]
INFO: [ template_filter ] --END-- [ RunTime:0.000056s ]
INFO: Run Behavior\ParseTemplateBehavior [ RunTime:0.002626s ]
INFO: [ view_parse ] --END-- [ RunTime:0.002647s ]
INFO: [ view_filter ] --START--
INFO: Run Behavior\WriteHtmlCacheBehavior [ RunTime:0.000076s ]
INFO: [ view_filter ] --END-- [ RunTime:0.000093s ]
INFO: [ app_end ] --START--
INFO: Run Behavior\ShowPageTraceBehavior [ RunTime:0.000244s ]
INFO: [ app_end ] --END-- [ RunTime:0.000272s ]

[ 2015-12-30T13:20:31+08:00 ] 127.0.0.1 /Document/Item/getItem
INFO: [ app_init ] --START--
INFO: Run Behavior\BuildLiteBehavior [ RunTime:0.000008s ]
INFO: [ app_init ] --END-- [ RunTime:0.000153s ]
INFO: [ app_begin ] --START--
INFO: Run Behavior\ReadHtmlCacheBehavior [ RunTime:0.000210s ]
INFO: [ app_begin ] --END-- [ RunTime:0.000233s ]
NOTIC: [2048] Non-static method Document\Server\ItemServer::showAll() should not be called statically, assuming $this from incompatible context /work/dipan.so/thinkphpDocument/Application/Document/Controller/ItemController.class.php 第 27 行.
NOTIC: [2048] Non-static method Document\Model\ItemModel::showAll() should not be called statically, assuming $this from incompatible context /work/dipan.so/thinkphpDocument/Application/Document/Server/ItemServer.class.php 第 24 行.
NOTIC: [2048] Non-static method Document\Model\ItemModel::init() should not be called statically, assuming $this from incompatible context /work/dipan.so/thinkphpDocument/Application/Document/Model/ItemModel.class.php 第 31 行.
NOTIC: [2048] Declaration of Think\Model\MongoModel::setInc() should be compatible with Think\Model::setInc($field, $step = 1, $lazyTime = 0) /work/dipan.so/thinkphpDocument/ThinkPHP/Library/Think/Model/MongoModel.class.php 第 17 行.
NOTIC: [2048] Declaration of Think\Model\MongoModel::setDec() should be compatible with Think\Model::setDec($field, $step = 1, $lazyTime = 0) /work/dipan.so/thinkphpDocument/ThinkPHP/Library/Think/Model/MongoModel.class.php 第 17 行.
NOTIC: [2048] Declaration of Think\Db\Driver\Mongo::connect() should be compatible with Think\Db\Driver::connect($config = '', $linkNum = 0, $autoConnection = false) /work/dipan.so/thinkphpDocument/ThinkPHP/Library/Think/Db/Driver/Mongo.class.php 第 18 行.
NOTIC: [2048] Declaration of Think\Db\Driver\Mongo::insertAll() should be compatible with Think\Db\Driver::insertAll($dataSet, $options = Array, $replace = false) /work/dipan.so/thinkphpDocument/ThinkPHP/Library/Think/Db/Driver/Mongo.class.php 第 18 行.
SQL: document.getCollection(item) [ RunTime:0.0000s ]
SQL: document.item.find({}) [ RunTime:0.0000s ]

[ 2015-12-30T13:20:31+08:00 ] 127.0.0.1 /Document/Item/getItem
INFO: [ app_init ] --START--
INFO: Run Behavior\BuildLiteBehavior [ RunTime:0.000008s ]
INFO: [ app_init ] --END-- [ RunTime:0.000146s ]
INFO: [ app_begin ] --START--
INFO: Run Behavior\ReadHtmlCacheBehavior [ RunTime:0.000188s ]
INFO: [ app_begin ] --END-- [ RunTime:0.000221s ]
NOTIC: [2048] Non-static method Document\Server\ItemServer::showAll() should not be called statically, assuming $this from incompatible context /work/dipan.so/thinkphpDocument/Application/Document/Controller/ItemController.class.php 第 27 行.
NOTIC: [2048] Non-static method Document\Model\ItemModel::showAll() should not be called statically, assuming $this from incompatible context /work/dipan.so/thinkphpDocument/Application/Document/Server/ItemServer.class.php 第 24 行.
NOTIC: [2048] Non-static method Document\Model\ItemModel::init() should not be called statically, assuming $this from incompatible context /work/dipan.so/thinkphpDocument/Application/Document/Model/ItemModel.class.php 第 31 行.
NOTIC: [2048] Declaration of Think\Model\MongoModel::setInc() should be compatible with Think\Model::setInc($field, $step = 1, $lazyTime = 0) /work/dipan.so/thinkphpDocument/ThinkPHP/Library/Think/Model/MongoModel.class.php 第 17 行.
NOTIC: [2048] Declaration of Think\Model\MongoModel::setDec() should be compatible with Think\Model::setDec($field, $step = 1, $lazyTime = 0) /work/dipan.so/thinkphpDocument/ThinkPHP/Library/Think/Model/MongoModel.class.php 第 17 行.
NOTIC: [2048] Declaration of Think\Db\Driver\Mongo::connect() should be compatible with Think\Db\Driver::connect($config = '', $linkNum = 0, $autoConnection = false) /work/dipan.so/thinkphpDocument/ThinkPHP/Library/Think/Db/Driver/Mongo.class.php 第 18 行.
NOTIC: [2048] Declaration of Think\Db\Driver\Mongo::insertAll() should be compatible with Think\Db\Driver::insertAll($dataSet, $options = Array, $replace = false) /work/dipan.so/thinkphpDocument/ThinkPHP/Library/Think/Db/Driver/Mongo.class.php 第 18 行.
SQL: document.getCollection(item) [ RunTime:0.0000s ]
SQL: document.item.find({}) [ RunTime:0.0000s ]

[ 2015-12-30T13:20:41+08:00 ] 127.0.0.1 /
INFO: [ app_init ] --START--
INFO: Run Behavior\BuildLiteBehavior [ RunTime:0.000013s ]
INFO: [ app_init ] --END-- [ RunTime:0.000219s ]
INFO: [ app_begin ] --START--
INFO: Run Behavior\ReadHtmlCacheBehavior [ RunTime:0.000203s ]
INFO: [ app_begin ] --END-- [ RunTime:0.000226s ]
NOTIC: [8] Undefined index: d1 /work/dipan.so/thinkphpDocument/Application/Document/Controller/IndexController.class.php 第 13 行.
NOTIC: [8] Undefined index: d2 /work/dipan.so/thinkphpDocument/Application/Document/Controller/IndexController.class.php 第 14 行.
NOTIC: [8] Undefined index: d3 /work/dipan.so/thinkphpDocument/Application/Document/Controller/IndexController.class.php 第 15 行.
INFO: [ view_parse ] --START--
INFO: [ template_filter ] --START--
INFO: Run Behavior\ContentReplaceBehavior [ RunTime:0.000019s ]
INFO: [ template_filter ] --END-- [ RunTime:0.000059s ]
INFO: Run Behavior\ParseTemplateBehavior [ RunTime:0.003026s ]
INFO: [ view_parse ] --END-- [ RunTime:0.003066s ]
INFO: [ view_filter ] --START--
INFO: Run Behavior\WriteHtmlCacheBehavior [ RunTime:0.000112s ]
INFO: [ view_filter ] --END-- [ RunTime:0.000139s ]
INFO: [ app_end ] --START--
INFO: Run Behavior\ShowPageTraceBehavior [ RunTime:0.000248s ]
INFO: [ app_end ] --END-- [ RunTime:0.000270s ]

[ 2015-12-30T13:20:41+08:00 ] 127.0.0.1 /Document/Item/getItem
INFO: [ app_init ] --START--
INFO: Run Behavior\BuildLiteBehavior [ RunTime:0.000011s ]
INFO: [ app_init ] --END-- [ RunTime:0.000191s ]
INFO: [ app_begin ] --START--
INFO: Run Behavior\ReadHtmlCacheBehavior [ RunTime:0.000224s ]
INFO: [ app_begin ] --END-- [ RunTime:0.000251s ]
NOTIC: [2048] Non-static method Document\Server\ItemServer::showAll() should not be called statically, assuming $this from incompatible context /work/dipan.so/thinkphpDocument/Application/Document/Controller/ItemController.class.php 第 27 行.
NOTIC: [2048] Non-static method Document\Model\ItemModel::showAll() should not be called statically, assuming $this from incompatible context /work/dipan.so/thinkphpDocument/Application/Document/Server/ItemServer.class.php 第 24 行.
NOTIC: [2048] Non-static method Document\Model\ItemModel::init() should not be called statically, assuming $this from incompatible context /work/dipan.so/thinkphpDocument/Application/Document/Model/ItemModel.class.php 第 31 行.
NOTIC: [2048] Declaration of Think\Model\MongoModel::setInc() should be compatible with Think\Model::setInc($field, $step = 1, $lazyTime = 0) /work/dipan.so/thinkphpDocument/ThinkPHP/Library/Think/Model/MongoModel.class.php 第 17 行.
NOTIC: [2048] Declaration of Think\Model\MongoModel::setDec() should be compatible with Think\Model::setDec($field, $step = 1, $lazyTime = 0) /work/dipan.so/thinkphpDocument/ThinkPHP/Library/Think/Model/MongoModel.class.php 第 17 行.
NOTIC: [2048] Declaration of Think\Db\Driver\Mongo::connect() should be compatible with Think\Db\Driver::connect($config = '', $linkNum = 0, $autoConnection = false) /work/dipan.so/thinkphpDocument/ThinkPHP/Library/Think/Db/Driver/Mongo.class.php 第 18 行.
NOTIC: [2048] Declaration of Think\Db\Driver\Mongo::insertAll() should be compatible with Think\Db\Driver::insertAll($dataSet, $options = Array, $replace = false) /work/dipan.so/thinkphpDocument/ThinkPHP/Library/Think/Db/Driver/Mongo.class.php 第 18 行.
SQL: document.getCollection(item) [ RunTime:0.0000s ]
SQL: document.item.find({}) [ RunTime:0.0000s ]

[ 2015-12-30T13:20:41+08:00 ] 127.0.0.1 /Document/Item/getItem
INFO: [ app_init ] --START--
INFO: Run Behavior\BuildLiteBehavior [ RunTime:0.000010s ]
INFO: [ app_init ] --END-- [ RunTime:0.000168s ]
INFO: [ app_begin ] --START--
INFO: Run Behavior\ReadHtmlCacheBehavior [ RunTime:0.000210s ]
INFO: [ app_begin ] --END-- [ RunTime:0.000236s ]
NOTIC: [2048] Non-static method Document\Server\ItemServer::showAll() should not be called statically, assuming $this from incompatible context /work/dipan.so/thinkphpDocument/Application/Document/Controller/ItemController.class.php 第 27 行.
NOTIC: [2048] Non-static method Document\Model\ItemModel::showAll() should not be called statically, assuming $this from incompatible context /work/dipan.so/thinkphpDocument/Application/Document/Server/ItemServer.class.php 第 24 行.
NOTIC: [2048] Non-static method Document\Model\ItemModel::init() should not be called statically, assuming $this from incompatible context /work/dipan.so/thinkphpDocument/Application/Document/Model/ItemModel.class.php 第 31 行.
NOTIC: [2048] Declaration of Think\Model\MongoModel::setInc() should be compatible with Think\Model::setInc($field, $step = 1, $lazyTime = 0) /work/dipan.so/thinkphpDocument/ThinkPHP/Library/Think/Model/MongoModel.class.php 第 17 行.
NOTIC: [2048] Declaration of Think\Model\MongoModel::setDec() should be compatible with Think\Model::setDec($field, $step = 1, $lazyTime = 0) /work/dipan.so/thinkphpDocument/ThinkPHP/Library/Think/Model/MongoModel.class.php 第 17 行.
NOTIC: [2048] Declaration of Think\Db\Driver\Mongo::connect() should be compatible with Think\Db\Driver::connect($config = '', $linkNum = 0, $autoConnection = false) /work/dipan.so/thinkphpDocument/ThinkPHP/Library/Think/Db/Driver/Mongo.class.php 第 18 行.
NOTIC: [2048] Declaration of Think\Db\Driver\Mongo::insertAll() should be compatible with Think\Db\Driver::insertAll($dataSet, $options = Array, $replace = false) /work/dipan.so/thinkphpDocument/ThinkPHP/Library/Think/Db/Driver/Mongo.class.php 第 18 行.
SQL: document.getCollection(item) [ RunTime:0.0000s ]
SQL: document.item.find({}) [ RunTime:0.0000s ]

[ 2015-12-30T13:29:49+08:00 ] 192.168.0.5 /thinkphp/Public/logo.png
INFO: [ app_init ] --START--
INFO: Run Behavior\BuildLiteBehavior [ RunTime:0.000009s ]
INFO: [ app_init ] --END-- [ RunTime:0.000374s ]

[ 2015-12-30T13:30:55+08:00 ] 192.168.0.5 /thinkphp/Public/logo.png
INFO: [ app_init ] --START--
INFO: Run Behavior\BuildLiteBehavior [ RunTime:0.000009s ]
INFO: [ app_init ] --END-- [ RunTime:0.000367s ]

[ 2015-12-30T13:34:10+08:00 ] 192.168.0.5 /thinkphp/Public/logo.png
INFO: [ app_init ] --START--
INFO: Run Behavior\BuildLiteBehavior [ RunTime:0.000007s ]
INFO: [ app_init ] --END-- [ RunTime:0.000296s ]

[ 2015-12-30T13:39:51+08:00 ] 192.168.0.5 /thinkphp/Public/logo.png
INFO: [ app_init ] --START--
INFO: Run Behavior\BuildLiteBehavior [ RunTime:0.000006s ]
INFO: [ app_init ] --END-- [ RunTime:0.000278s ]

[ 2015-12-30T13:40:49+08:00 ] 192.168.0.5 /thinkphp/Public/logo.png
INFO: [ app_init ] --START--
INFO: Run Behavior\BuildLiteBehavior [ RunTime:0.000006s ]
INFO: [ app_init ] --END-- [ RunTime:0.000140s ]

[ 2015-12-30T13:43:16+08:00 ] 192.168.0.5 /thinkphp/Public/logo.png
INFO: [ app_init ] --START--
INFO: Run Behavior\BuildLiteBehavior [ RunTime:0.000006s ]
INFO: [ app_init ] --END-- [ RunTime:0.000295s ]

[ 2015-12-30T13:46:50+08:00 ] 192.168.0.5 /thinkphp/Public/logo.png
INFO: [ app_init ] --START--
INFO: Run Behavior\BuildLiteBehavior [ RunTime:0.000010s ]
INFO: [ app_init ] --END-- [ RunTime:0.000682s ]

[ 2015-12-30T13:47:50+08:00 ] 192.168.0.5 /thinkphp/Public/logo.png
INFO: [ app_init ] --START--
INFO: Run Behavior\BuildLiteBehavior [ RunTime:0.000009s ]
INFO: [ app_init ] --END-- [ RunTime:0.000326s ]

[ 2015-12-30T13:50:13+08:00 ] 192.168.0.5 /thinkphp/Public/logo.png
INFO: [ app_init ] --START--
INFO: Run Behavior\BuildLiteBehavior [ RunTime:0.000006s ]
INFO: [ app_init ] --END-- [ RunTime:0.000296s ]

[ 2015-12-30T13:50:40+08:00 ] 192.168.0.5 /thinkphp/Public/logo.png
INFO: [ app_init ] --START--
INFO: Run Behavior\BuildLiteBehavior [ RunTime:0.000007s ]
INFO: [ app_init ] --END-- [ RunTime:0.000348s ]

[ 2015-12-30T13:52:01+08:00 ] 192.168.0.5 /thinkphp/Public/logo.png
INFO: [ app_init ] --START--
INFO: Run Behavior\BuildLiteBehavior [ RunTime:0.000007s ]
INFO: [ app_init ] --END-- [ RunTime:0.000303s ]

[ 2015-12-30T13:53:21+08:00 ] 192.168.0.5 /thinkphp/Public/logo.png
INFO: [ app_init ] --START--
INFO: Run Behavior\BuildLiteBehavior [ RunTime:0.000006s ]
INFO: [ app_init ] --END-- [ RunTime:0.000261s ]

[ 2015-12-30T13:55:30+08:00 ] 192.168.0.5 /thinkphp/Public/logo.png
INFO: [ app_init ] --START--
INFO: Run Behavior\BuildLiteBehavior [ RunTime:0.000007s ]
INFO: [ app_init ] --END-- [ RunTime:0.000314s ]

[ 2015-12-30T13:59:07+08:00 ] 192.168.0.5 /thinkphp/Public/logo.png
INFO: [ app_init ] --START--
INFO: Run Behavior\BuildLiteBehavior [ RunTime:0.000007s ]
INFO: [ app_init ] --END-- [ RunTime:0.000320s ]

[ 2015-12-30T14:00:07+08:00 ] 192.168.0.5 /thinkphp/Public/logo.png
INFO: [ app_init ] --START--
INFO: Run Behavior\BuildLiteBehavior [ RunTime:0.000007s ]
INFO: [ app_init ] --END-- [ RunTime:0.000144s ]

[ 2015-12-30T14:00:36+08:00 ] 192.168.0.5 /thinkphp/Public/logo.png
INFO: [ app_init ] --START--
INFO: Run Behavior\BuildLiteBehavior [ RunTime:0.000007s ]
INFO: [ app_init ] --END-- [ RunTime:0.000141s ]

[ 2015-12-30T14:00:52+08:00 ] 192.168.0.5 /thinkphp/Public/logo.png
INFO: [ app_init ] --START--
INFO: Run Behavior\BuildLiteBehavior [ RunTime:0.000007s ]
INFO: [ app_init ] --END-- [ RunTime:0.000139s ]

[ 2015-12-30T14:02:11+08:00 ] 192.168.0.5 /thinkphp/Public/logo.png
INFO: [ app_init ] --START--
INFO: Run Behavior\BuildLiteBehavior [ RunTime:0.000007s ]
INFO: [ app_init ] --END-- [ RunTime:0.000142s ]

[ 2015-12-30T14:04:08+08:00 ] 192.168.0.5 /thinkphp/Public/logo.png
INFO: [ app_init ] --START--
INFO: Run Behavior\BuildLiteBehavior [ RunTime:0.000006s ]
INFO: [ app_init ] --END-- [ RunTime:0.000144s ]

[ 2015-12-30T14:21:33+08:00 ] 192.168.0.5 /thinkphp/Public/logo.png
INFO: [ app_init ] --START--
INFO: Run Behavior\BuildLiteBehavior [ RunTime:0.000007s ]
INFO: [ app_init ] --END-- [ RunTime:0.000293s ]

[ 2015-12-30T14:21:51+08:00 ] 192.168.0.5 /thinkphp/Public/logo.png
INFO: [ app_init ] --START--
INFO: Run Behavior\BuildLiteBehavior [ RunTime:0.000007s ]
INFO: [ app_init ] --END-- [ RunTime:0.000144s ]

[ 2015-12-30T14:23:37+08:00 ] 192.168.0.5 /thinkphp/Public/logo.png
INFO: [ app_init ] --START--
INFO: Run Behavior\BuildLiteBehavior [ RunTime:0.000007s ]
INFO: [ app_init ] --END-- [ RunTime:0.000347s ]

[ 2015-12-30T14:24:23+08:00 ] 192.168.0.5 /thinkphp/Public/logo.png
INFO: [ app_init ] --START--
INFO: Run Behavior\BuildLiteBehavior [ RunTime:0.000007s ]
INFO: [ app_init ] --END-- [ RunTime:0.000161s ]

[ 2015-12-30T14:26:10+08:00 ] 192.168.0.5 /thinkphp/Public/logo.png
INFO: [ app_init ] --START--
INFO: Run Behavior\BuildLiteBehavior [ RunTime:0.000006s ]
INFO: [ app_init ] --END-- [ RunTime:0.000299s ]

[ 2015-12-30T14:27:33+08:00 ] 192.168.0.5 /thinkphp/Public/logo.png
INFO: [ app_init ] --START--
INFO: Run Behavior\BuildLiteBehavior [ RunTime:0.000007s ]
INFO: [ app_init ] --END-- [ RunTime:0.000302s ]

[ 2015-12-30T14:32:23+08:00 ] 192.168.0.5 /thinkphp/Public/logo.png
INFO: [ app_init ] --START--
INFO: Run Behavior\BuildLiteBehavior [ RunTime:0.000006s ]
INFO: [ app_init ] --END-- [ RunTime:0.000316s ]

[ 2015-12-30T14:34:33+08:00 ] 192.168.0.5 /thinkphp/Public/logo.png
INFO: [ app_init ] --START--
INFO: Run Behavior\BuildLiteBehavior [ RunTime:0.000007s ]
INFO: [ app_init ] --END-- [ RunTime:0.000387s ]

[ 2015-12-30T14:35:47+08:00 ] 192.168.0.5 /thinkphp/Public/logo.png
INFO: [ app_init ] --START--
INFO: Run Behavior\BuildLiteBehavior [ RunTime:0.000007s ]
INFO: [ app_init ] --END-- [ RunTime:0.000264s ]

[ 2015-12-30T14:36:18+08:00 ] 192.168.0.5 /thinkphp/Public/logo.png
INFO: [ app_init ] --START--
INFO: Run Behavior\BuildLiteBehavior [ RunTime:0.000006s ]
INFO: [ app_init ] --END-- [ RunTime:0.000139s ]

[ 2015-12-30T14:37:14+08:00 ] 192.168.0.5 /thinkphp/Public/logo.png
INFO: [ app_init ] --START--
INFO: Run Behavior\BuildLiteBehavior [ RunTime:0.000007s ]
INFO: [ app_init ] --END-- [ RunTime:0.000314s ]

[ 2015-12-30T14:37:31+08:00 ] 192.168.0.5 /thinkphp/Public/logo.png
INFO: [ app_init ] --START--
INFO: Run Behavior\BuildLiteBehavior [ RunTime:0.000006s ]
INFO: [ app_init ] --END-- [ RunTime:0.000141s ]

[ 2015-12-30T14:38:37+08:00 ] 192.168.0.113 /thinkphp/Public/logo.png
INFO: [ app_init ] --START--
INFO: Run Behavior\BuildLiteBehavior [ RunTime:0.000006s ]
INFO: [ app_init ] --END-- [ RunTime:0.000138s ]

[ 2015-12-30T14:42:37+08:00 ] 192.168.0.113 /thinkphp/Public/logo.png
INFO: [ app_init ] --START--
INFO: Run Behavior\BuildLiteBehavior [ RunTime:0.000008s ]
INFO: [ app_init ] --END-- [ RunTime:0.000397s ]

[ 2015-12-30T14:51:05+08:00 ] 192.168.0.113 /thinkphp/Public/logo.png
INFO: [ app_init ] --START--
INFO: Run Behavior\BuildLiteBehavior [ RunTime:0.000006s ]
INFO: [ app_init ] --END-- [ RunTime:0.000142s ]

[ 2015-12-30T14:53:57+08:00 ] 192.168.0.113 /thinkphp/Public/logo.png
INFO: [ app_init ] --START--
INFO: Run Behavior\BuildLiteBehavior [ RunTime:0.000008s ]
INFO: [ app_init ] --END-- [ RunTime:0.000326s ]

[ 2015-12-30T14:56:27+08:00 ] 192.168.0.113 /thinkphp/Public/logo.png
INFO: [ app_init ] --START--
INFO: Run Behavior\BuildLiteBehavior [ RunTime:0.000007s ]
INFO: [ app_init ] --END-- [ RunTime:0.000297s ]

[ 2015-12-30T14:59:45+08:00 ] 192.168.0.113 /thinkphp/Public/logo.png
INFO: [ app_init ] --START--
INFO: Run Behavior\BuildLiteBehavior [ RunTime:0.000009s ]
INFO: [ app_init ] --END-- [ RunTime:0.000342s ]

[ 2015-12-30T15:01:56+08:00 ] 192.168.0.113 /thinkphp/Public/logo.png
INFO: [ app_init ] --START--
INFO: Run Behavior\BuildLiteBehavior [ RunTime:0.000010s ]
INFO: [ app_init ] --END-- [ RunTime:0.000347s ]

[ 2015-12-30T16:04:27+08:00 ] 192.168.0.113 /thinkphp/Public/logo.png
INFO: [ app_init ] --START--
INFO: Run Behavior\BuildLiteBehavior [ RunTime:0.000007s ]
INFO: [ app_init ] --END-- [ RunTime:0.000354s ]

[ 2015-12-30T16:05:06+08:00 ] 192.168.0.113 /thinkphp/Public/logo.png
INFO: [ app_init ] --START--
INFO: Run Behavior\BuildLiteBehavior [ RunTime:0.000008s ]
INFO: [ app_init ] --END-- [ RunTime:0.000324s ]

[ 2015-12-30T16:06:15+08:00 ] 192.168.0.113 /thinkphp/Public/logo.png
INFO: [ app_init ] --START--
INFO: Run Behavior\BuildLiteBehavior [ RunTime:0.000007s ]
INFO: [ app_init ] --END-- [ RunTime:0.000316s ]

[ 2015-12-30T16:07:42+08:00 ] 192.168.0.113 /thinkphp/Public/logo.png
INFO: [ app_init ] --START--
INFO: Run Behavior\BuildLiteBehavior [ RunTime:0.000007s ]
INFO: [ app_init ] --END-- [ RunTime:0.000314s ]

[ 2015-12-30T16:09:38+08:00 ] 192.168.0.113 /thinkphp/Public/logo.png
INFO: [ app_init ] --START--
INFO: Run Behavior\BuildLiteBehavior [ RunTime:0.000006s ]
INFO: [ app_init ] --END-- [ RunTime:0.000149s ]

[ 2015-12-30T16:09:55+08:00 ] 192.168.0.5 /thinkphp/Public/logo.png
INFO: [ app_init ] --START--
INFO: Run Behavior\BuildLiteBehavior [ RunTime:0.000007s ]
INFO: [ app_init ] --END-- [ RunTime:0.000287s ]

[ 2015-12-30T16:10:54+08:00 ] 192.168.0.5 /thinkphp/Public/logo.png
INFO: [ app_init ] --START--
INFO: Run Behavior\BuildLiteBehavior [ RunTime:0.000007s ]
INFO: [ app_init ] --END-- [ RunTime:0.000299s ]

[ 2015-12-30T16:13:07+08:00 ] 192.168.0.5 /thinkphp/Public/logo.png
INFO: [ app_init ] --START--
INFO: Run Behavior\BuildLiteBehavior [ RunTime:0.000017s ]
INFO: [ app_init ] --END-- [ RunTime:0.000295s ]

[ 2015-12-30T16:28:01+08:00 ] 192.168.0.113 /thinkphp/Public/logo.png
INFO: [ app_init ] --START--
INFO: Run Behavior\BuildLiteBehavior [ RunTime:0.000007s ]
INFO: [ app_init ] --END-- [ RunTime:0.000150s ]

[ 2015-12-30T16:32:50+08:00 ] 192.168.0.113 /thinkphp/Public/logo.png
INFO: [ app_init ] --START--
INFO: Run Behavior\BuildLiteBehavior [ RunTime:0.000009s ]
INFO: [ app_init ] --END-- [ RunTime:0.000365s ]

[ 2015-12-30T16:33:26+08:00 ] 192.168.0.113 /thinkphp/Public/logo.png
INFO: [ app_init ] --START--
INFO: Run Behavior\BuildLiteBehavior [ RunTime:0.000008s ]
INFO: [ app_init ] --END-- [ RunTime:0.000326s ]

[ 2015-12-30T16:34:06+08:00 ] 192.168.0.113 /thinkphp/Public/logo.png
INFO: [ app_init ] --START--
INFO: Run Behavior\BuildLiteBehavior [ RunTime:0.000008s ]
INFO: [ app_init ] --END-- [ RunTime:0.000293s ]

[ 2015-12-30T16:40:36+08:00 ] 192.168.0.113 /thinkphp/Public/logo.png
INFO: [ app_init ] --START--
INFO: Run Behavior\BuildLiteBehavior [ RunTime:0.000007s ]
INFO: [ app_init ] --END-- [ RunTime:0.000274s ]

[ 2015-12-30T16:41:05+08:00 ] 192.168.0.113 /thinkphp/Public/logo.png
INFO: [ app_init ] --START--
INFO: Run Behavior\BuildLiteBehavior [ RunTime:0.000006s ]
INFO: [ app_init ] --END-- [ RunTime:0.000138s ]

[ 2015-12-30T16:41:28+08:00 ] 192.168.0.113 /thinkphp/Public/logo.png
INFO: [ app_init ] --START--
INFO: Run Behavior\BuildLiteBehavior [ RunTime:0.000008s ]
INFO: [ app_init ] --END-- [ RunTime:0.000222s ]

[ 2015-12-30T16:45:31+08:00 ] 192.168.0.113 /thinkphp/Public/logo.png
INFO: [ app_init ] --START--
INFO: Run Behavior\BuildLiteBehavior [ RunTime:0.000008s ]
INFO: [ app_init ] --END-- [ RunTime:0.000324s ]

[ 2015-12-30T16:48:27+08:00 ] 192.168.0.113 /thinkphp/Public/logo.png
INFO: [ app_init ] --START--
INFO: Run Behavior\BuildLiteBehavior [ RunTime:0.000006s ]
INFO: [ app_init ] --END-- [ RunTime:0.000141s ]

