[ 2016-01-07T12:31:41+08:00 ] 127.0.0.1 /
INFO: [ app_init ] --START--
INFO: Run Behavior\BuildLiteBehavior [ RunTime:0.000027s ]
INFO: [ app_init ] --END-- [ RunTime:0.000596s ]
INFO: [ app_begin ] --START--
INFO: Run Behavior\ReadHtmlCacheBehavior [ RunTime:0.000405s ]
INFO: [ app_begin ] --END-- [ RunTime:0.000449s ]
NOTIC: [8] Undefined index: d1 /work/dipan.so/thinkphpDocument/Application/Document/Controller/IndexController.class.php 第 13 行.
NOTIC: [8] Undefined index: d2 /work/dipan.so/thinkphpDocument/Application/Document/Controller/IndexController.class.php 第 14 行.
NOTIC: [8] Undefined index: d3 /work/dipan.so/thinkphpDocument/Application/Document/Controller/IndexController.class.php 第 15 行.
INFO: [ view_parse ] --START--
INFO: [ template_filter ] --START--
INFO: Run Behavior\ContentReplaceBehavior [ RunTime:0.000056s ]
INFO: [ template_filter ] --END-- [ RunTime:0.000102s ]
INFO: Run Behavior\ParseTemplateBehavior [ RunTime:0.005099s ]
INFO: [ view_parse ] --END-- [ RunTime:0.005131s ]
INFO: [ view_filter ] --START--
INFO: Run Behavior\WriteHtmlCacheBehavior [ RunTime:0.000227s ]
INFO: [ view_filter ] --END-- [ RunTime:0.000250s ]
INFO: [ app_end ] --START--
INFO: Run Behavior\ShowPageTraceBehavior [ RunTime:0.000445s ]
INFO: [ app_end ] --END-- [ RunTime:0.000473s ]

[ 2016-01-07T12:31:42+08:00 ] 127.0.0.1 /Document/Item/getItem
INFO: [ app_init ] --START--
INFO: Run Behavior\BuildLiteBehavior [ RunTime:0.000015s ]
INFO: [ app_init ] --END-- [ RunTime:0.000247s ]
INFO: [ app_begin ] --START--
INFO: Run Behavior\ReadHtmlCacheBehavior [ RunTime:0.000342s ]
INFO: [ app_begin ] --END-- [ RunTime:0.000374s ]
NOTIC: [2048] Non-static method Document\Server\ItemServer::showAll() should not be called statically, assuming $this from incompatible context /work/dipan.so/thinkphpDocument/Application/Document/Controller/ItemController.class.php 第 27 行.
NOTIC: [2048] Non-static method Document\Model\ItemModel::showAll() should not be called statically, assuming $this from incompatible context /work/dipan.so/thinkphpDocument/Application/Document/Server/ItemServer.class.php 第 25 行.
NOTIC: [2048] Non-static method Document\Model\ItemModel::init() should not be called statically, assuming $this from incompatible context /work/dipan.so/thinkphpDocument/Application/Document/Model/ItemModel.class.php 第 30 行.
NOTIC: [2048] Declaration of Think\Model\MongoModel::setInc() should be compatible with Think\Model::setInc($field, $step = 1, $lazyTime = 0) /work/dipan.so/thinkphpDocument/ThinkPHP/Library/Think/Model/MongoModel.class.php 第 17 行.
NOTIC: [2048] Declaration of Think\Model\MongoModel::setDec() should be compatible with Think\Model::setDec($field, $step = 1, $lazyTime = 0) /work/dipan.so/thinkphpDocument/ThinkPHP/Library/Think/Model/MongoModel.class.php 第 17 行.
NOTIC: [2048] Declaration of Think\Db\Driver\Mongo::connect() should be compatible with Think\Db\Driver::connect($config = '', $linkNum = 0, $autoConnection = false) /work/dipan.so/thinkphpDocument/ThinkPHP/Library/Think/Db/Driver/Mongo.class.php 第 18 行.
NOTIC: [2048] Declaration of Think\Db\Driver\Mongo::insertAll() should be compatible with Think\Db\Driver::insertAll($dataSet, $options = Array, $replace = false) /work/dipan.so/thinkphpDocument/ThinkPHP/Library/Think/Db/Driver/Mongo.class.php 第 18 行.
SQL: document.getCollection(item) [ RunTime:0.0001s ]
SQL: document.item.find({}) [ RunTime:0.0008s ]

[ 2016-01-07T12:31:42+08:00 ] 127.0.0.1 /favicon.ico
INFO: [ app_init ] --START--
INFO: Run Behavior\BuildLiteBehavior [ RunTime:0.000007s ]
INFO: [ app_init ] --END-- [ RunTime:0.000175s ]

[ 2016-01-07T12:31:42+08:00 ] 127.0.0.1 /favicon.ico
INFO: [ app_init ] --START--
INFO: Run Behavior\BuildLiteBehavior [ RunTime:0.000008s ]
INFO: [ app_init ] --END-- [ RunTime:0.000174s ]

[ 2016-01-07T12:31:42+08:00 ] 127.0.0.1 /Document/Item/getItem
INFO: [ app_init ] --START--
INFO: Run Behavior\BuildLiteBehavior [ RunTime:0.000008s ]
INFO: [ app_init ] --END-- [ RunTime:0.000151s ]
INFO: [ app_begin ] --START--
INFO: Run Behavior\ReadHtmlCacheBehavior [ RunTime:0.000240s ]
INFO: [ app_begin ] --END-- [ RunTime:0.000264s ]
NOTIC: [2048] Non-static method Document\Server\ItemServer::showAll() should not be called statically, assuming $this from incompatible context /work/dipan.so/thinkphpDocument/Application/Document/Controller/ItemController.class.php 第 27 行.
NOTIC: [2048] Non-static method Document\Model\ItemModel::showAll() should not be called statically, assuming $this from incompatible context /work/dipan.so/thinkphpDocument/Application/Document/Server/ItemServer.class.php 第 25 行.
NOTIC: [2048] Non-static method Document\Model\ItemModel::init() should not be called statically, assuming $this from incompatible context /work/dipan.so/thinkphpDocument/Application/Document/Model/ItemModel.class.php 第 30 行.
NOTIC: [2048] Declaration of Think\Model\MongoModel::setInc() should be compatible with Think\Model::setInc($field, $step = 1, $lazyTime = 0) /work/dipan.so/thinkphpDocument/ThinkPHP/Library/Think/Model/MongoModel.class.php 第 17 行.
NOTIC: [2048] Declaration of Think\Model\MongoModel::setDec() should be compatible with Think\Model::setDec($field, $step = 1, $lazyTime = 0) /work/dipan.so/thinkphpDocument/ThinkPHP/Library/Think/Model/MongoModel.class.php 第 17 行.
NOTIC: [2048] Declaration of Think\Db\Driver\Mongo::connect() should be compatible with Think\Db\Driver::connect($config = '', $linkNum = 0, $autoConnection = false) /work/dipan.so/thinkphpDocument/ThinkPHP/Library/Think/Db/Driver/Mongo.class.php 第 18 行.
NOTIC: [2048] Declaration of Think\Db\Driver\Mongo::insertAll() should be compatible with Think\Db\Driver::insertAll($dataSet, $options = Array, $replace = false) /work/dipan.so/thinkphpDocument/ThinkPHP/Library/Think/Db/Driver/Mongo.class.php 第 18 行.
SQL: document.getCollection(item) [ RunTime:0.0001s ]
SQL: document.item.find({}) [ RunTime:0.0001s ]

[ 2016-01-07T12:31:54+08:00 ] 127.0.0.1 /Document/Cate/getItem
INFO: [ app_init ] --START--
INFO: Run Behavior\BuildLiteBehavior [ RunTime:0.000010s ]
INFO: [ app_init ] --END-- [ RunTime:0.000176s ]
INFO: [ app_begin ] --START--
INFO: Run Behavior\ReadHtmlCacheBehavior [ RunTime:0.000211s ]
INFO: [ app_begin ] --END-- [ RunTime:0.000236s ]
NOTIC: [2048] Non-static method Document\Server\CateServer::showAll() should not be called statically, assuming $this from incompatible context /work/dipan.so/thinkphpDocument/Application/Document/Controller/CateController.class.php 第 27 行.
NOTIC: [2048] Non-static method Document\Model\CateModel::showAll() should not be called statically, assuming $this from incompatible context /work/dipan.so/thinkphpDocument/Application/Document/Server/CateServer.class.php 第 37 行.
NOTIC: [2048] Non-static method Document\Model\CateModel::init() should not be called statically, assuming $this from incompatible context /work/dipan.so/thinkphpDocument/Application/Document/Model/CateModel.class.php 第 39 行.
NOTIC: [2048] Declaration of Think\Model\MongoModel::setInc() should be compatible with Think\Model::setInc($field, $step = 1, $lazyTime = 0) /work/dipan.so/thinkphpDocument/ThinkPHP/Library/Think/Model/MongoModel.class.php 第 17 行.
NOTIC: [2048] Declaration of Think\Model\MongoModel::setDec() should be compatible with Think\Model::setDec($field, $step = 1, $lazyTime = 0) /work/dipan.so/thinkphpDocument/ThinkPHP/Library/Think/Model/MongoModel.class.php 第 17 行.
NOTIC: [2048] Declaration of Think\Db\Driver\Mongo::connect() should be compatible with Think\Db\Driver::connect($config = '', $linkNum = 0, $autoConnection = false) /work/dipan.so/thinkphpDocument/ThinkPHP/Library/Think/Db/Driver/Mongo.class.php 第 18 行.
NOTIC: [2048] Declaration of Think\Db\Driver\Mongo::insertAll() should be compatible with Think\Db\Driver::insertAll($dataSet, $options = Array, $replace = false) /work/dipan.so/thinkphpDocument/ThinkPHP/Library/Think/Db/Driver/Mongo.class.php 第 18 行.
SQL: document.getCollection(cate) [ RunTime:0.0000s ]
SQL: document.cate.find({"itemId":"568945c99367a2261a0041a7"}) [ RunTime:0.0000s ]

[ 2016-01-07T12:31:58+08:00 ] 127.0.0.1 /Document/Item/getItem
INFO: [ app_init ] --START--
INFO: Run Behavior\BuildLiteBehavior [ RunTime:0.000007s ]
INFO: [ app_init ] --END-- [ RunTime:0.000185s ]
INFO: [ app_begin ] --START--
INFO: Run Behavior\ReadHtmlCacheBehavior [ RunTime:0.000179s ]
INFO: [ app_begin ] --END-- [ RunTime:0.000201s ]
NOTIC: [2048] Non-static method Document\Server\ItemServer::showAll() should not be called statically, assuming $this from incompatible context /work/dipan.so/thinkphpDocument/Application/Document/Controller/ItemController.class.php 第 27 行.
NOTIC: [2048] Non-static method Document\Model\ItemModel::showAll() should not be called statically, assuming $this from incompatible context /work/dipan.so/thinkphpDocument/Application/Document/Server/ItemServer.class.php 第 25 行.
NOTIC: [2048] Non-static method Document\Model\ItemModel::init() should not be called statically, assuming $this from incompatible context /work/dipan.so/thinkphpDocument/Application/Document/Model/ItemModel.class.php 第 30 行.
NOTIC: [2048] Declaration of Think\Model\MongoModel::setInc() should be compatible with Think\Model::setInc($field, $step = 1, $lazyTime = 0) /work/dipan.so/thinkphpDocument/ThinkPHP/Library/Think/Model/MongoModel.class.php 第 17 行.
NOTIC: [2048] Declaration of Think\Model\MongoModel::setDec() should be compatible with Think\Model::setDec($field, $step = 1, $lazyTime = 0) /work/dipan.so/thinkphpDocument/ThinkPHP/Library/Think/Model/MongoModel.class.php 第 17 行.
NOTIC: [2048] Declaration of Think\Db\Driver\Mongo::connect() should be compatible with Think\Db\Driver::connect($config = '', $linkNum = 0, $autoConnection = false) /work/dipan.so/thinkphpDocument/ThinkPHP/Library/Think/Db/Driver/Mongo.class.php 第 18 行.
NOTIC: [2048] Declaration of Think\Db\Driver\Mongo::insertAll() should be compatible with Think\Db\Driver::insertAll($dataSet, $options = Array, $replace = false) /work/dipan.so/thinkphpDocument/ThinkPHP/Library/Think/Db/Driver/Mongo.class.php 第 18 行.
SQL: document.getCollection(item) [ RunTime:0.0000s ]
SQL: document.item.find({}) [ RunTime:0.0000s ]

[ 2016-01-07T12:32:07+08:00 ] 127.0.0.1 /Document/Item/getItem
INFO: [ app_init ] --START--
INFO: Run Behavior\BuildLiteBehavior [ RunTime:0.000007s ]
INFO: [ app_init ] --END-- [ RunTime:0.000187s ]
INFO: [ app_begin ] --START--
INFO: Run Behavior\ReadHtmlCacheBehavior [ RunTime:0.000189s ]
INFO: [ app_begin ] --END-- [ RunTime:0.000220s ]
NOTIC: [2048] Non-static method Document\Server\ItemServer::showAll() should not be called statically, assuming $this from incompatible context /work/dipan.so/thinkphpDocument/Application/Document/Controller/ItemController.class.php 第 27 行.
NOTIC: [2048] Non-static method Document\Model\ItemModel::showAll() should not be called statically, assuming $this from incompatible context /work/dipan.so/thinkphpDocument/Application/Document/Server/ItemServer.class.php 第 25 行.
NOTIC: [2048] Non-static method Document\Model\ItemModel::init() should not be called statically, assuming $this from incompatible context /work/dipan.so/thinkphpDocument/Application/Document/Model/ItemModel.class.php 第 30 行.
NOTIC: [2048] Declaration of Think\Model\MongoModel::setInc() should be compatible with Think\Model::setInc($field, $step = 1, $lazyTime = 0) /work/dipan.so/thinkphpDocument/ThinkPHP/Library/Think/Model/MongoModel.class.php 第 17 行.
NOTIC: [2048] Declaration of Think\Model\MongoModel::setDec() should be compatible with Think\Model::setDec($field, $step = 1, $lazyTime = 0) /work/dipan.so/thinkphpDocument/ThinkPHP/Library/Think/Model/MongoModel.class.php 第 17 行.
NOTIC: [2048] Declaration of Think\Db\Driver\Mongo::connect() should be compatible with Think\Db\Driver::connect($config = '', $linkNum = 0, $autoConnection = false) /work/dipan.so/thinkphpDocument/ThinkPHP/Library/Think/Db/Driver/Mongo.class.php 第 18 行.
NOTIC: [2048] Declaration of Think\Db\Driver\Mongo::insertAll() should be compatible with Think\Db\Driver::insertAll($dataSet, $options = Array, $replace = false) /work/dipan.so/thinkphpDocument/ThinkPHP/Library/Think/Db/Driver/Mongo.class.php 第 18 行.
SQL: document.getCollection(item) [ RunTime:0.0000s ]
SQL: document.item.find({}) [ RunTime:0.0000s ]

[ 2016-01-07T12:32:08+08:00 ] 127.0.0.1 /Document/Item/getItem
INFO: [ app_init ] --START--
INFO: Run Behavior\BuildLiteBehavior [ RunTime:0.000007s ]
INFO: [ app_init ] --END-- [ RunTime:0.000142s ]
INFO: [ app_begin ] --START--
INFO: Run Behavior\ReadHtmlCacheBehavior [ RunTime:0.000175s ]
INFO: [ app_begin ] --END-- [ RunTime:0.000197s ]
NOTIC: [2048] Non-static method Document\Server\ItemServer::showAll() should not be called statically, assuming $this from incompatible context /work/dipan.so/thinkphpDocument/Application/Document/Controller/ItemController.class.php 第 27 行.
NOTIC: [2048] Non-static method Document\Model\ItemModel::showAll() should not be called statically, assuming $this from incompatible context /work/dipan.so/thinkphpDocument/Application/Document/Server/ItemServer.class.php 第 25 行.
NOTIC: [2048] Non-static method Document\Model\ItemModel::init() should not be called statically, assuming $this from incompatible context /work/dipan.so/thinkphpDocument/Application/Document/Model/ItemModel.class.php 第 30 行.
NOTIC: [2048] Declaration of Think\Model\MongoModel::setInc() should be compatible with Think\Model::setInc($field, $step = 1, $lazyTime = 0) /work/dipan.so/thinkphpDocument/ThinkPHP/Library/Think/Model/MongoModel.class.php 第 17 行.
NOTIC: [2048] Declaration of Think\Model\MongoModel::setDec() should be compatible with Think\Model::setDec($field, $step = 1, $lazyTime = 0) /work/dipan.so/thinkphpDocument/ThinkPHP/Library/Think/Model/MongoModel.class.php 第 17 行.
NOTIC: [2048] Declaration of Think\Db\Driver\Mongo::connect() should be compatible with Think\Db\Driver::connect($config = '', $linkNum = 0, $autoConnection = false) /work/dipan.so/thinkphpDocument/ThinkPHP/Library/Think/Db/Driver/Mongo.class.php 第 18 行.
NOTIC: [2048] Declaration of Think\Db\Driver\Mongo::insertAll() should be compatible with Think\Db\Driver::insertAll($dataSet, $options = Array, $replace = false) /work/dipan.so/thinkphpDocument/ThinkPHP/Library/Think/Db/Driver/Mongo.class.php 第 18 行.
SQL: document.getCollection(item) [ RunTime:0.0000s ]
SQL: document.item.find({}) [ RunTime:0.0000s ]

[ 2016-01-07T12:32:11+08:00 ] 127.0.0.1 /Document/Cate/getItem
INFO: [ app_init ] --START--
INFO: Run Behavior\BuildLiteBehavior [ RunTime:0.000018s ]
INFO: [ app_init ] --END-- [ RunTime:0.000190s ]
INFO: [ app_begin ] --START--
INFO: Run Behavior\ReadHtmlCacheBehavior [ RunTime:0.000241s ]
INFO: [ app_begin ] --END-- [ RunTime:0.000263s ]
NOTIC: [2048] Non-static method Document\Server\CateServer::showAll() should not be called statically, assuming $this from incompatible context /work/dipan.so/thinkphpDocument/Application/Document/Controller/CateController.class.php 第 27 行.
NOTIC: [2048] Non-static method Document\Model\CateModel::showAll() should not be called statically, assuming $this from incompatible context /work/dipan.so/thinkphpDocument/Application/Document/Server/CateServer.class.php 第 37 行.
NOTIC: [2048] Non-static method Document\Model\CateModel::init() should not be called statically, assuming $this from incompatible context /work/dipan.so/thinkphpDocument/Application/Document/Model/CateModel.class.php 第 39 行.
NOTIC: [2048] Declaration of Think\Model\MongoModel::setInc() should be compatible with Think\Model::setInc($field, $step = 1, $lazyTime = 0) /work/dipan.so/thinkphpDocument/ThinkPHP/Library/Think/Model/MongoModel.class.php 第 17 行.
NOTIC: [2048] Declaration of Think\Model\MongoModel::setDec() should be compatible with Think\Model::setDec($field, $step = 1, $lazyTime = 0) /work/dipan.so/thinkphpDocument/ThinkPHP/Library/Think/Model/MongoModel.class.php 第 17 行.
NOTIC: [2048] Declaration of Think\Db\Driver\Mongo::connect() should be compatible with Think\Db\Driver::connect($config = '', $linkNum = 0, $autoConnection = false) /work/dipan.so/thinkphpDocument/ThinkPHP/Library/Think/Db/Driver/Mongo.class.php 第 18 行.
NOTIC: [2048] Declaration of Think\Db\Driver\Mongo::insertAll() should be compatible with Think\Db\Driver::insertAll($dataSet, $options = Array, $replace = false) /work/dipan.so/thinkphpDocument/ThinkPHP/Library/Think/Db/Driver/Mongo.class.php 第 18 行.
SQL: document.getCollection(cate) [ RunTime:0.0000s ]
SQL: document.cate.find({"itemId":"568945c99367a2261a0041a7"}) [ RunTime:0.0000s ]

[ 2016-01-07T12:32:18+08:00 ] 127.0.0.1 /Document/Item/getItem
INFO: [ app_init ] --START--
INFO: Run Behavior\BuildLiteBehavior [ RunTime:0.000008s ]
INFO: [ app_init ] --END-- [ RunTime:0.000147s ]
INFO: [ app_begin ] --START--
INFO: Run Behavior\ReadHtmlCacheBehavior [ RunTime:0.000178s ]
INFO: [ app_begin ] --END-- [ RunTime:0.000200s ]
NOTIC: [2048] Non-static method Document\Server\ItemServer::showAll() should not be called statically, assuming $this from incompatible context /work/dipan.so/thinkphpDocument/Application/Document/Controller/ItemController.class.php 第 27 行.
NOTIC: [2048] Non-static method Document\Model\ItemModel::showAll() should not be called statically, assuming $this from incompatible context /work/dipan.so/thinkphpDocument/Application/Document/Server/ItemServer.class.php 第 25 行.
NOTIC: [2048] Non-static method Document\Model\ItemModel::init() should not be called statically, assuming $this from incompatible context /work/dipan.so/thinkphpDocument/Application/Document/Model/ItemModel.class.php 第 30 行.
NOTIC: [2048] Declaration of Think\Model\MongoModel::setInc() should be compatible with Think\Model::setInc($field, $step = 1, $lazyTime = 0) /work/dipan.so/thinkphpDocument/ThinkPHP/Library/Think/Model/MongoModel.class.php 第 17 行.
NOTIC: [2048] Declaration of Think\Model\MongoModel::setDec() should be compatible with Think\Model::setDec($field, $step = 1, $lazyTime = 0) /work/dipan.so/thinkphpDocument/ThinkPHP/Library/Think/Model/MongoModel.class.php 第 17 行.
NOTIC: [2048] Declaration of Think\Db\Driver\Mongo::connect() should be compatible with Think\Db\Driver::connect($config = '', $linkNum = 0, $autoConnection = false) /work/dipan.so/thinkphpDocument/ThinkPHP/Library/Think/Db/Driver/Mongo.class.php 第 18 行.
NOTIC: [2048] Declaration of Think\Db\Driver\Mongo::insertAll() should be compatible with Think\Db\Driver::insertAll($dataSet, $options = Array, $replace = false) /work/dipan.so/thinkphpDocument/ThinkPHP/Library/Think/Db/Driver/Mongo.class.php 第 18 行.
SQL: document.getCollection(item) [ RunTime:0.0000s ]
SQL: document.item.find({}) [ RunTime:0.0000s ]

[ 2016-01-07T12:32:20+08:00 ] 127.0.0.1 /Document/Cate/getItem
INFO: [ app_init ] --START--
INFO: Run Behavior\BuildLiteBehavior [ RunTime:0.000007s ]
INFO: [ app_init ] --END-- [ RunTime:0.000159s ]
INFO: [ app_begin ] --START--
INFO: Run Behavior\ReadHtmlCacheBehavior [ RunTime:0.000198s ]
INFO: [ app_begin ] --END-- [ RunTime:0.000220s ]
NOTIC: [2048] Non-static method Document\Server\CateServer::showAll() should not be called statically, assuming $this from incompatible context /work/dipan.so/thinkphpDocument/Application/Document/Controller/CateController.class.php 第 27 行.
NOTIC: [2048] Non-static method Document\Model\CateModel::showAll() should not be called statically, assuming $this from incompatible context /work/dipan.so/thinkphpDocument/Application/Document/Server/CateServer.class.php 第 37 行.
NOTIC: [2048] Non-static method Document\Model\CateModel::init() should not be called statically, assuming $this from incompatible context /work/dipan.so/thinkphpDocument/Application/Document/Model/CateModel.class.php 第 39 行.
NOTIC: [2048] Declaration of Think\Model\MongoModel::setInc() should be compatible with Think\Model::setInc($field, $step = 1, $lazyTime = 0) /work/dipan.so/thinkphpDocument/ThinkPHP/Library/Think/Model/MongoModel.class.php 第 17 行.
NOTIC: [2048] Declaration of Think\Model\MongoModel::setDec() should be compatible with Think\Model::setDec($field, $step = 1, $lazyTime = 0) /work/dipan.so/thinkphpDocument/ThinkPHP/Library/Think/Model/MongoModel.class.php 第 17 行.
NOTIC: [2048] Declaration of Think\Db\Driver\Mongo::connect() should be compatible with Think\Db\Driver::connect($config = '', $linkNum = 0, $autoConnection = false) /work/dipan.so/thinkphpDocument/ThinkPHP/Library/Think/Db/Driver/Mongo.class.php 第 18 行.
NOTIC: [2048] Declaration of Think\Db\Driver\Mongo::insertAll() should be compatible with Think\Db\Driver::insertAll($dataSet, $options = Array, $replace = false) /work/dipan.so/thinkphpDocument/ThinkPHP/Library/Think/Db/Driver/Mongo.class.php 第 18 行.
SQL: document.getCollection(cate) [ RunTime:0.0000s ]
SQL: document.cate.find({"itemId":"56894a099367a2031b0041aa"}) [ RunTime:0.0000s ]

[ 2016-01-07T12:32:24+08:00 ] 127.0.0.1 /Document/Cate/editOneCate
INFO: [ app_init ] --START--
INFO: Run Behavior\BuildLiteBehavior [ RunTime:0.000006s ]
INFO: [ app_init ] --END-- [ RunTime:0.000137s ]
INFO: [ app_begin ] --START--
INFO: Run Behavior\ReadHtmlCacheBehavior [ RunTime:0.000170s ]
INFO: [ app_begin ] --END-- [ RunTime:0.000191s ]
NOTIC: [2048] Non-static method Document\Server\CateServer::editOneCate() should not be called statically, assuming $this from incompatible context /work/dipan.so/thinkphpDocument/Application/Document/Controller/CateController.class.php 第 33 行.
NOTIC: [2048] Non-static method Document\Model\CateModel::editOneCate() should not be called statically, assuming $this from incompatible context /work/dipan.so/thinkphpDocument/Application/Document/Server/CateServer.class.php 第 43 行.
NOTIC: [2048] Non-static method Document\Server\CateServer::getItemId() should not be called statically, assuming $this from incompatible context /work/dipan.so/thinkphpDocument/Application/Document/Server/CateServer.class.php 第 43 行.
NOTIC: [2048] Non-static method Document\Model\CateModel::init() should not be called statically, assuming $this from incompatible context /work/dipan.so/thinkphpDocument/Application/Document/Model/CateModel.class.php 第 48 行.
NOTIC: [2048] Declaration of Think\Model\MongoModel::setInc() should be compatible with Think\Model::setInc($field, $step = 1, $lazyTime = 0) /work/dipan.so/thinkphpDocument/ThinkPHP/Library/Think/Model/MongoModel.class.php 第 17 行.
NOTIC: [2048] Declaration of Think\Model\MongoModel::setDec() should be compatible with Think\Model::setDec($field, $step = 1, $lazyTime = 0) /work/dipan.so/thinkphpDocument/ThinkPHP/Library/Think/Model/MongoModel.class.php 第 17 行.
NOTIC: [2048] Declaration of Think\Db\Driver\Mongo::connect() should be compatible with Think\Db\Driver::connect($config = '', $linkNum = 0, $autoConnection = false) /work/dipan.so/thinkphpDocument/ThinkPHP/Library/Think/Db/Driver/Mongo.class.php 第 18 行.
NOTIC: [2048] Declaration of Think\Db\Driver\Mongo::insertAll() should be compatible with Think\Db\Driver::insertAll($dataSet, $options = Array, $replace = false) /work/dipan.so/thinkphpDocument/ThinkPHP/Library/Think/Db/Driver/Mongo.class.php 第 18 行.
SQL: document.getCollection(cate) [ RunTime:0.0000s ]
SQL: document.cate.update({"itemId":"56894a099367a2031b0041aa","_id":{"$id":"568a6a7b9367a2981c0041a7"}},{"$set":{"itemId":"56894a099367a2031b0041aa","name":"\u53cc\u65b9\u90fd\u989d123"}}) [ RunTime:0.0100s ]

[ 2016-01-07T12:32:26+08:00 ] 127.0.0.1 /Document/Cate/getItem
INFO: [ app_init ] --START--
INFO: Run Behavior\BuildLiteBehavior [ RunTime:0.000008s ]
INFO: [ app_init ] --END-- [ RunTime:0.000162s ]
INFO: [ app_begin ] --START--
INFO: Run Behavior\ReadHtmlCacheBehavior [ RunTime:0.000201s ]
INFO: [ app_begin ] --END-- [ RunTime:0.000224s ]
NOTIC: [2048] Non-static method Document\Server\CateServer::showAll() should not be called statically, assuming $this from incompatible context /work/dipan.so/thinkphpDocument/Application/Document/Controller/CateController.class.php 第 27 行.
NOTIC: [2048] Non-static method Document\Model\CateModel::showAll() should not be called statically, assuming $this from incompatible context /work/dipan.so/thinkphpDocument/Application/Document/Server/CateServer.class.php 第 37 行.
NOTIC: [2048] Non-static method Document\Model\CateModel::init() should not be called statically, assuming $this from incompatible context /work/dipan.so/thinkphpDocument/Application/Document/Model/CateModel.class.php 第 39 行.
NOTIC: [2048] Declaration of Think\Model\MongoModel::setInc() should be compatible with Think\Model::setInc($field, $step = 1, $lazyTime = 0) /work/dipan.so/thinkphpDocument/ThinkPHP/Library/Think/Model/MongoModel.class.php 第 17 行.
NOTIC: [2048] Declaration of Think\Model\MongoModel::setDec() should be compatible with Think\Model::setDec($field, $step = 1, $lazyTime = 0) /work/dipan.so/thinkphpDocument/ThinkPHP/Library/Think/Model/MongoModel.class.php 第 17 行.
NOTIC: [2048] Declaration of Think\Db\Driver\Mongo::connect() should be compatible with Think\Db\Driver::connect($config = '', $linkNum = 0, $autoConnection = false) /work/dipan.so/thinkphpDocument/ThinkPHP/Library/Think/Db/Driver/Mongo.class.php 第 18 行.
NOTIC: [2048] Declaration of Think\Db\Driver\Mongo::insertAll() should be compatible with Think\Db\Driver::insertAll($dataSet, $options = Array, $replace = false) /work/dipan.so/thinkphpDocument/ThinkPHP/Library/Think/Db/Driver/Mongo.class.php 第 18 行.
SQL: document.getCollection(cate) [ RunTime:0.0000s ]
SQL: document.cate.find({"itemId":"56894a099367a2031b0041aa"}) [ RunTime:0.0000s ]

[ 2016-01-07T12:32:33+08:00 ] 127.0.0.1 /Document/Cate/getItem
INFO: [ app_init ] --START--
INFO: Run Behavior\BuildLiteBehavior [ RunTime:0.000007s ]
INFO: [ app_init ] --END-- [ RunTime:0.000140s ]
INFO: [ app_begin ] --START--
INFO: Run Behavior\ReadHtmlCacheBehavior [ RunTime:0.000171s ]
INFO: [ app_begin ] --END-- [ RunTime:0.000193s ]
NOTIC: [2048] Non-static method Document\Server\CateServer::showAll() should not be called statically, assuming $this from incompatible context /work/dipan.so/thinkphpDocument/Application/Document/Controller/CateController.class.php 第 27 行.
NOTIC: [2048] Non-static method Document\Model\CateModel::showAll() should not be called statically, assuming $this from incompatible context /work/dipan.so/thinkphpDocument/Application/Document/Server/CateServer.class.php 第 37 行.
NOTIC: [2048] Non-static method Document\Model\CateModel::init() should not be called statically, assuming $this from incompatible context /work/dipan.so/thinkphpDocument/Application/Document/Model/CateModel.class.php 第 39 行.
NOTIC: [2048] Declaration of Think\Model\MongoModel::setInc() should be compatible with Think\Model::setInc($field, $step = 1, $lazyTime = 0) /work/dipan.so/thinkphpDocument/ThinkPHP/Library/Think/Model/MongoModel.class.php 第 17 行.
NOTIC: [2048] Declaration of Think\Model\MongoModel::setDec() should be compatible with Think\Model::setDec($field, $step = 1, $lazyTime = 0) /work/dipan.so/thinkphpDocument/ThinkPHP/Library/Think/Model/MongoModel.class.php 第 17 行.
NOTIC: [2048] Declaration of Think\Db\Driver\Mongo::connect() should be compatible with Think\Db\Driver::connect($config = '', $linkNum = 0, $autoConnection = false) /work/dipan.so/thinkphpDocument/ThinkPHP/Library/Think/Db/Driver/Mongo.class.php 第 18 行.
NOTIC: [2048] Declaration of Think\Db\Driver\Mongo::insertAll() should be compatible with Think\Db\Driver::insertAll($dataSet, $options = Array, $replace = false) /work/dipan.so/thinkphpDocument/ThinkPHP/Library/Think/Db/Driver/Mongo.class.php 第 18 行.
SQL: document.getCollection(cate) [ RunTime:0.0000s ]
SQL: document.cate.find({"itemId":"56894a099367a2031b0041aa"}) [ RunTime:0.0000s ]

[ 2016-01-07T12:32:36+08:00 ] 127.0.0.1 /Document/Item/getItem
INFO: [ app_init ] --START--
INFO: Run Behavior\BuildLiteBehavior [ RunTime:0.000011s ]
INFO: [ app_init ] --END-- [ RunTime:0.000190s ]
INFO: [ app_begin ] --START--
INFO: Run Behavior\ReadHtmlCacheBehavior [ RunTime:0.000226s ]
INFO: [ app_begin ] --END-- [ RunTime:0.000252s ]
NOTIC: [2048] Non-static method Document\Server\ItemServer::showAll() should not be called statically, assuming $this from incompatible context /work/dipan.so/thinkphpDocument/Application/Document/Controller/ItemController.class.php 第 27 行.
NOTIC: [2048] Non-static method Document\Model\ItemModel::showAll() should not be called statically, assuming $this from incompatible context /work/dipan.so/thinkphpDocument/Application/Document/Server/ItemServer.class.php 第 25 行.
NOTIC: [2048] Non-static method Document\Model\ItemModel::init() should not be called statically, assuming $this from incompatible context /work/dipan.so/thinkphpDocument/Application/Document/Model/ItemModel.class.php 第 30 行.
NOTIC: [2048] Declaration of Think\Model\MongoModel::setInc() should be compatible with Think\Model::setInc($field, $step = 1, $lazyTime = 0) /work/dipan.so/thinkphpDocument/ThinkPHP/Library/Think/Model/MongoModel.class.php 第 17 行.
NOTIC: [2048] Declaration of Think\Model\MongoModel::setDec() should be compatible with Think\Model::setDec($field, $step = 1, $lazyTime = 0) /work/dipan.so/thinkphpDocument/ThinkPHP/Library/Think/Model/MongoModel.class.php 第 17 行.
NOTIC: [2048] Declaration of Think\Db\Driver\Mongo::connect() should be compatible with Think\Db\Driver::connect($config = '', $linkNum = 0, $autoConnection = false) /work/dipan.so/thinkphpDocument/ThinkPHP/Library/Think/Db/Driver/Mongo.class.php 第 18 行.
NOTIC: [2048] Declaration of Think\Db\Driver\Mongo::insertAll() should be compatible with Think\Db\Driver::insertAll($dataSet, $options = Array, $replace = false) /work/dipan.so/thinkphpDocument/ThinkPHP/Library/Think/Db/Driver/Mongo.class.php 第 18 行.
SQL: document.getCollection(item) [ RunTime:0.0000s ]
SQL: document.item.find({}) [ RunTime:0.0000s ]

[ 2016-01-07T12:32:45+08:00 ] 127.0.0.1 /Document/Cate/getItem
INFO: [ app_init ] --START--
INFO: Run Behavior\BuildLiteBehavior [ RunTime:0.000006s ]
INFO: [ app_init ] --END-- [ RunTime:0.000139s ]
INFO: [ app_begin ] --START--
INFO: Run Behavior\ReadHtmlCacheBehavior [ RunTime:0.000170s ]
INFO: [ app_begin ] --END-- [ RunTime:0.000192s ]
NOTIC: [2048] Non-static method Document\Server\CateServer::showAll() should not be called statically, assuming $this from incompatible context /work/dipan.so/thinkphpDocument/Application/Document/Controller/CateController.class.php 第 27 行.
NOTIC: [2048] Non-static method Document\Model\CateModel::showAll() should not be called statically, assuming $this from incompatible context /work/dipan.so/thinkphpDocument/Application/Document/Server/CateServer.class.php 第 37 行.
NOTIC: [2048] Non-static method Document\Model\CateModel::init() should not be called statically, assuming $this from incompatible context /work/dipan.so/thinkphpDocument/Application/Document/Model/CateModel.class.php 第 39 行.
NOTIC: [2048] Declaration of Think\Model\MongoModel::setInc() should be compatible with Think\Model::setInc($field, $step = 1, $lazyTime = 0) /work/dipan.so/thinkphpDocument/ThinkPHP/Library/Think/Model/MongoModel.class.php 第 17 行.
NOTIC: [2048] Declaration of Think\Model\MongoModel::setDec() should be compatible with Think\Model::setDec($field, $step = 1, $lazyTime = 0) /work/dipan.so/thinkphpDocument/ThinkPHP/Library/Think/Model/MongoModel.class.php 第 17 行.
NOTIC: [2048] Declaration of Think\Db\Driver\Mongo::connect() should be compatible with Think\Db\Driver::connect($config = '', $linkNum = 0, $autoConnection = false) /work/dipan.so/thinkphpDocument/ThinkPHP/Library/Think/Db/Driver/Mongo.class.php 第 18 行.
NOTIC: [2048] Declaration of Think\Db\Driver\Mongo::insertAll() should be compatible with Think\Db\Driver::insertAll($dataSet, $options = Array, $replace = false) /work/dipan.so/thinkphpDocument/ThinkPHP/Library/Think/Db/Driver/Mongo.class.php 第 18 行.
SQL: document.getCollection(cate) [ RunTime:0.0000s ]
SQL: document.cate.find({"itemId":"56894a099367a2031b0041aa"}) [ RunTime:0.0000s ]

[ 2016-01-07T12:32:51+08:00 ] 127.0.0.1 /Document/Cate/getItem
INFO: [ app_init ] --START--
INFO: Run Behavior\BuildLiteBehavior [ RunTime:0.000006s ]
INFO: [ app_init ] --END-- [ RunTime:0.000137s ]
INFO: [ app_begin ] --START--
INFO: Run Behavior\ReadHtmlCacheBehavior [ RunTime:0.000224s ]
INFO: [ app_begin ] --END-- [ RunTime:0.000255s ]
NOTIC: [2048] Non-static method Document\Server\CateServer::showAll() should not be called statically, assuming $this from incompatible context /work/dipan.so/thinkphpDocument/Application/Document/Controller/CateController.class.php 第 27 行.
NOTIC: [2048] Non-static method Document\Model\CateModel::showAll() should not be called statically, assuming $this from incompatible context /work/dipan.so/thinkphpDocument/Application/Document/Server/CateServer.class.php 第 37 行.
NOTIC: [2048] Non-static method Document\Model\CateModel::init() should not be called statically, assuming $this from incompatible context /work/dipan.so/thinkphpDocument/Application/Document/Model/CateModel.class.php 第 39 行.
NOTIC: [2048] Declaration of Think\Model\MongoModel::setInc() should be compatible with Think\Model::setInc($field, $step = 1, $lazyTime = 0) /work/dipan.so/thinkphpDocument/ThinkPHP/Library/Think/Model/MongoModel.class.php 第 17 行.
NOTIC: [2048] Declaration of Think\Model\MongoModel::setDec() should be compatible with Think\Model::setDec($field, $step = 1, $lazyTime = 0) /work/dipan.so/thinkphpDocument/ThinkPHP/Library/Think/Model/MongoModel.class.php 第 17 行.
NOTIC: [2048] Declaration of Think\Db\Driver\Mongo::connect() should be compatible with Think\Db\Driver::connect($config = '', $linkNum = 0, $autoConnection = false) /work/dipan.so/thinkphpDocument/ThinkPHP/Library/Think/Db/Driver/Mongo.class.php 第 18 行.
NOTIC: [2048] Declaration of Think\Db\Driver\Mongo::insertAll() should be compatible with Think\Db\Driver::insertAll($dataSet, $options = Array, $replace = false) /work/dipan.so/thinkphpDocument/ThinkPHP/Library/Think/Db/Driver/Mongo.class.php 第 18 行.
SQL: document.getCollection(cate) [ RunTime:0.0000s ]
SQL: document.cate.find({"itemId":"56894a099367a2031b0041aa"}) [ RunTime:0.0000s ]

[ 2016-01-07T14:11:06+08:00 ] 192.168.0.5 /thinkphp/Public/logo.png
INFO: [ app_init ] --START--
INFO: Run Behavior\BuildLiteBehavior [ RunTime:0.000008s ]
INFO: [ app_init ] --END-- [ RunTime:0.000300s ]

[ 2016-01-07T14:14:01+08:00 ] 192.168.0.6 /thinkphp/Public/logo.png
INFO: [ app_init ] --START--
INFO: Run Behavior\BuildLiteBehavior [ RunTime:0.000008s ]
INFO: [ app_init ] --END-- [ RunTime:0.000254s ]

[ 2016-01-07T14:14:27+08:00 ] 192.168.0.6 /thinkphp/Public/logo.png
INFO: [ app_init ] --START--
INFO: Run Behavior\BuildLiteBehavior [ RunTime:0.000006s ]
INFO: [ app_init ] --END-- [ RunTime:0.000139s ]

[ 2016-01-07T14:15:01+08:00 ] 192.168.0.6 /thinkphp/Public/logo.png
INFO: [ app_init ] --START--
INFO: Run Behavior\BuildLiteBehavior [ RunTime:0.000006s ]
INFO: [ app_init ] --END-- [ RunTime:0.000199s ]

[ 2016-01-07T14:20:53+08:00 ] 192.168.0.6 /thinkphp/Public/logo.png
INFO: [ app_init ] --START--
INFO: Run Behavior\BuildLiteBehavior [ RunTime:0.000009s ]
INFO: [ app_init ] --END-- [ RunTime:0.000345s ]

[ 2016-01-07T14:21:46+08:00 ] 192.168.0.6 /thinkphp/Public/logo.png
INFO: [ app_init ] --START--
INFO: Run Behavior\BuildLiteBehavior [ RunTime:0.000007s ]
INFO: [ app_init ] --END-- [ RunTime:0.000148s ]

[ 2016-01-07T14:23:48+08:00 ] 192.168.0.6 /thinkphp/Public/logo.png
INFO: [ app_init ] --START--
INFO: Run Behavior\BuildLiteBehavior [ RunTime:0.000010s ]
INFO: [ app_init ] --END-- [ RunTime:0.000172s ]

[ 2016-01-07T14:23:48+08:00 ] 192.168.0.5 /thinkphp/Public/logo.png
INFO: [ app_init ] --START--
INFO: Run Behavior\BuildLiteBehavior [ RunTime:0.000008s ]
INFO: [ app_init ] --END-- [ RunTime:0.000159s ]

[ 2016-01-07T14:24:00+08:00 ] 192.168.0.6 /thinkphp/Public/logo.png
INFO: [ app_init ] --START--
INFO: Run Behavior\BuildLiteBehavior [ RunTime:0.000008s ]
INFO: [ app_init ] --END-- [ RunTime:0.000157s ]

[ 2016-01-07T14:24:51+08:00 ] 192.168.0.6 /thinkphp/Public/logo.png
INFO: [ app_init ] --START--
INFO: Run Behavior\BuildLiteBehavior [ RunTime:0.000006s ]
INFO: [ app_init ] --END-- [ RunTime:0.000137s ]

[ 2016-01-07T14:26:20+08:00 ] 192.168.0.6 /thinkphp/Public/logo.png
INFO: [ app_init ] --START--
INFO: Run Behavior\BuildLiteBehavior [ RunTime:0.000006s ]
INFO: [ app_init ] --END-- [ RunTime:0.000142s ]

[ 2016-01-07T14:41:47+08:00 ] 127.0.0.1 /
INFO: [ app_init ] --START--
INFO: Run Behavior\BuildLiteBehavior [ RunTime:0.000007s ]
INFO: [ app_init ] --END-- [ RunTime:0.000163s ]
INFO: [ app_begin ] --START--
INFO: Run Behavior\ReadHtmlCacheBehavior [ RunTime:0.002072s ]
INFO: [ app_begin ] --END-- [ RunTime:0.002102s ]
NOTIC: [8] Undefined index: d1 /work/dipan.so/thinkphpDocument/Application/Document/Controller/IndexController.class.php 第 13 行.
NOTIC: [8] Undefined index: d2 /work/dipan.so/thinkphpDocument/Application/Document/Controller/IndexController.class.php 第 14 行.
NOTIC: [8] Undefined index: d3 /work/dipan.so/thinkphpDocument/Application/Document/Controller/IndexController.class.php 第 15 行.
INFO: [ view_parse ] --START--
INFO: [ template_filter ] --START--
INFO: Run Behavior\ContentReplaceBehavior [ RunTime:0.000028s ]
INFO: [ template_filter ] --END-- [ RunTime:0.000049s ]
INFO: Run Behavior\ParseTemplateBehavior [ RunTime:0.004150s ]
INFO: [ view_parse ] --END-- [ RunTime:0.004171s ]
INFO: [ view_filter ] --START--
INFO: Run Behavior\WriteHtmlCacheBehavior [ RunTime:0.000223s ]
INFO: [ view_filter ] --END-- [ RunTime:0.000243s ]
INFO: [ app_end ] --START--
INFO: Run Behavior\ShowPageTraceBehavior [ RunTime:0.000445s ]
INFO: [ app_end ] --END-- [ RunTime:0.000472s ]

[ 2016-01-07T14:41:47+08:00 ] 127.0.0.1 /favicon.ico
INFO: [ app_init ] --START--
INFO: Run Behavior\BuildLiteBehavior [ RunTime:0.000008s ]
INFO: [ app_init ] --END-- [ RunTime:0.000150s ]

[ 2016-01-07T14:41:47+08:00 ] 127.0.0.1 /Document/Item/getItem
INFO: [ app_init ] --START--
INFO: Run Behavior\BuildLiteBehavior [ RunTime:0.000007s ]
INFO: [ app_init ] --END-- [ RunTime:0.000149s ]
INFO: [ app_begin ] --START--
INFO: Run Behavior\ReadHtmlCacheBehavior [ RunTime:0.000176s ]
INFO: [ app_begin ] --END-- [ RunTime:0.000197s ]
NOTIC: [2048] Non-static method Document\Server\ItemServer::showAll() should not be called statically, assuming $this from incompatible context /work/dipan.so/thinkphpDocument/Application/Document/Controller/ItemController.class.php 第 27 行.
NOTIC: [2048] Non-static method Document\Model\ItemModel::showAll() should not be called statically, assuming $this from incompatible context /work/dipan.so/thinkphpDocument/Application/Document/Server/ItemServer.class.php 第 25 行.
NOTIC: [2048] Non-static method Document\Model\ItemModel::init() should not be called statically, assuming $this from incompatible context /work/dipan.so/thinkphpDocument/Application/Document/Model/ItemModel.class.php 第 30 行.
NOTIC: [2048] Declaration of Think\Model\MongoModel::setInc() should be compatible with Think\Model::setInc($field, $step = 1, $lazyTime = 0) /work/dipan.so/thinkphpDocument/ThinkPHP/Library/Think/Model/MongoModel.class.php 第 17 行.
NOTIC: [2048] Declaration of Think\Model\MongoModel::setDec() should be compatible with Think\Model::setDec($field, $step = 1, $lazyTime = 0) /work/dipan.so/thinkphpDocument/ThinkPHP/Library/Think/Model/MongoModel.class.php 第 17 行.
NOTIC: [2048] Declaration of Think\Db\Driver\Mongo::connect() should be compatible with Think\Db\Driver::connect($config = '', $linkNum = 0, $autoConnection = false) /work/dipan.so/thinkphpDocument/ThinkPHP/Library/Think/Db/Driver/Mongo.class.php 第 18 行.
NOTIC: [2048] Declaration of Think\Db\Driver\Mongo::insertAll() should be compatible with Think\Db\Driver::insertAll($dataSet, $options = Array, $replace = false) /work/dipan.so/thinkphpDocument/ThinkPHP/Library/Think/Db/Driver/Mongo.class.php 第 18 行.
SQL: document.getCollection(item) [ RunTime:0.0000s ]
SQL: document.item.find({}) [ RunTime:0.0000s ]

[ 2016-01-07T14:41:47+08:00 ] 127.0.0.1 /Document/Item/getItem
INFO: [ app_init ] --START--
INFO: Run Behavior\BuildLiteBehavior [ RunTime:0.000013s ]
INFO: [ app_init ] --END-- [ RunTime:0.000197s ]
INFO: [ app_begin ] --START--
INFO: Run Behavior\ReadHtmlCacheBehavior [ RunTime:0.000269s ]
INFO: [ app_begin ] --END-- [ RunTime:0.000299s ]
NOTIC: [2048] Non-static method Document\Server\ItemServer::showAll() should not be called statically, assuming $this from incompatible context /work/dipan.so/thinkphpDocument/Application/Document/Controller/ItemController.class.php 第 27 行.
NOTIC: [2048] Non-static method Document\Model\ItemModel::showAll() should not be called statically, assuming $this from incompatible context /work/dipan.so/thinkphpDocument/Application/Document/Server/ItemServer.class.php 第 25 行.
NOTIC: [2048] Non-static method Document\Model\ItemModel::init() should not be called statically, assuming $this from incompatible context /work/dipan.so/thinkphpDocument/Application/Document/Model/ItemModel.class.php 第 30 行.
NOTIC: [2048] Declaration of Think\Model\MongoModel::setInc() should be compatible with Think\Model::setInc($field, $step = 1, $lazyTime = 0) /work/dipan.so/thinkphpDocument/ThinkPHP/Library/Think/Model/MongoModel.class.php 第 17 行.
NOTIC: [2048] Declaration of Think\Model\MongoModel::setDec() should be compatible with Think\Model::setDec($field, $step = 1, $lazyTime = 0) /work/dipan.so/thinkphpDocument/ThinkPHP/Library/Think/Model/MongoModel.class.php 第 17 行.
NOTIC: [2048] Declaration of Think\Db\Driver\Mongo::connect() should be compatible with Think\Db\Driver::connect($config = '', $linkNum = 0, $autoConnection = false) /work/dipan.so/thinkphpDocument/ThinkPHP/Library/Think/Db/Driver/Mongo.class.php 第 18 行.
NOTIC: [2048] Declaration of Think\Db\Driver\Mongo::insertAll() should be compatible with Think\Db\Driver::insertAll($dataSet, $options = Array, $replace = false) /work/dipan.so/thinkphpDocument/ThinkPHP/Library/Think/Db/Driver/Mongo.class.php 第 18 行.
SQL: document.getCollection(item) [ RunTime:0.0000s ]
SQL: document.item.find({}) [ RunTime:0.0000s ]

[ 2016-01-07T14:41:55+08:00 ] 127.0.0.1 /Document/Cate/getItem
INFO: [ app_init ] --START--
INFO: Run Behavior\BuildLiteBehavior [ RunTime:0.000015s ]
INFO: [ app_init ] --END-- [ RunTime:0.000211s ]
INFO: [ app_begin ] --START--
INFO: Run Behavior\ReadHtmlCacheBehavior [ RunTime:0.000288s ]
INFO: [ app_begin ] --END-- [ RunTime:0.000316s ]
NOTIC: [2048] Non-static method Document\Server\CateServer::showAll() should not be called statically, assuming $this from incompatible context /work/dipan.so/thinkphpDocument/Application/Document/Controller/CateController.class.php 第 27 行.
NOTIC: [2048] Non-static method Document\Model\CateModel::showAll() should not be called statically, assuming $this from incompatible context /work/dipan.so/thinkphpDocument/Application/Document/Server/CateServer.class.php 第 37 行.
NOTIC: [2048] Non-static method Document\Model\CateModel::init() should not be called statically, assuming $this from incompatible context /work/dipan.so/thinkphpDocument/Application/Document/Model/CateModel.class.php 第 39 行.
NOTIC: [2048] Declaration of Think\Model\MongoModel::setInc() should be compatible with Think\Model::setInc($field, $step = 1, $lazyTime = 0) /work/dipan.so/thinkphpDocument/ThinkPHP/Library/Think/Model/MongoModel.class.php 第 17 行.
NOTIC: [2048] Declaration of Think\Model\MongoModel::setDec() should be compatible with Think\Model::setDec($field, $step = 1, $lazyTime = 0) /work/dipan.so/thinkphpDocument/ThinkPHP/Library/Think/Model/MongoModel.class.php 第 17 行.
NOTIC: [2048] Declaration of Think\Db\Driver\Mongo::connect() should be compatible with Think\Db\Driver::connect($config = '', $linkNum = 0, $autoConnection = false) /work/dipan.so/thinkphpDocument/ThinkPHP/Library/Think/Db/Driver/Mongo.class.php 第 18 行.
NOTIC: [2048] Declaration of Think\Db\Driver\Mongo::insertAll() should be compatible with Think\Db\Driver::insertAll($dataSet, $options = Array, $replace = false) /work/dipan.so/thinkphpDocument/ThinkPHP/Library/Think/Db/Driver/Mongo.class.php 第 18 行.
SQL: document.getCollection(cate) [ RunTime:0.0001s ]
SQL: document.cate.find({"itemId":"56894a099367a2031b0041aa"}) [ RunTime:0.0001s ]

[ 2016-01-07T14:46:56+08:00 ] 127.0.0.1 /Document/Cate/getItem
INFO: [ app_init ] --START--
INFO: Run Behavior\BuildLiteBehavior [ RunTime:0.000007s ]
INFO: [ app_init ] --END-- [ RunTime:0.000191s ]
INFO: [ app_begin ] --START--
INFO: Run Behavior\ReadHtmlCacheBehavior [ RunTime:0.000186s ]
INFO: [ app_begin ] --END-- [ RunTime:0.000210s ]
NOTIC: [2048] Non-static method Document\Server\CateServer::showAll() should not be called statically, assuming $this from incompatible context /work/dipan.so/thinkphpDocument/Application/Document/Controller/CateController.class.php 第 27 行.
NOTIC: [2048] Non-static method Document\Model\CateModel::showAll() should not be called statically, assuming $this from incompatible context /work/dipan.so/thinkphpDocument/Application/Document/Server/CateServer.class.php 第 37 行.
NOTIC: [2048] Non-static method Document\Model\CateModel::init() should not be called statically, assuming $this from incompatible context /work/dipan.so/thinkphpDocument/Application/Document/Model/CateModel.class.php 第 39 行.
NOTIC: [2048] Declaration of Think\Model\MongoModel::setInc() should be compatible with Think\Model::setInc($field, $step = 1, $lazyTime = 0) /work/dipan.so/thinkphpDocument/ThinkPHP/Library/Think/Model/MongoModel.class.php 第 17 行.
NOTIC: [2048] Declaration of Think\Model\MongoModel::setDec() should be compatible with Think\Model::setDec($field, $step = 1, $lazyTime = 0) /work/dipan.so/thinkphpDocument/ThinkPHP/Library/Think/Model/MongoModel.class.php 第 17 行.
NOTIC: [2048] Declaration of Think\Db\Driver\Mongo::connect() should be compatible with Think\Db\Driver::connect($config = '', $linkNum = 0, $autoConnection = false) /work/dipan.so/thinkphpDocument/ThinkPHP/Library/Think/Db/Driver/Mongo.class.php 第 18 行.
NOTIC: [2048] Declaration of Think\Db\Driver\Mongo::insertAll() should be compatible with Think\Db\Driver::insertAll($dataSet, $options = Array, $replace = false) /work/dipan.so/thinkphpDocument/ThinkPHP/Library/Think/Db/Driver/Mongo.class.php 第 18 行.
SQL: document.getCollection(cate) [ RunTime:0.0000s ]
SQL: document.cate.find({"itemId":"56894a099367a2031b0041aa"}) [ RunTime:0.0000s ]

[ 2016-01-07T14:51:29+08:00 ] 127.0.0.1 /
INFO: [ app_init ] --START--
INFO: Run Behavior\BuildLiteBehavior [ RunTime:0.000008s ]
INFO: [ app_init ] --END-- [ RunTime:0.000353s ]
INFO: [ app_begin ] --START--
INFO: Run Behavior\ReadHtmlCacheBehavior [ RunTime:0.000374s ]
INFO: [ app_begin ] --END-- [ RunTime:0.000399s ]
NOTIC: [8] Undefined index: d1 /work/dipan.so/thinkphpDocument/Application/Document/Controller/IndexController.class.php 第 13 行.
NOTIC: [8] Undefined index: d2 /work/dipan.so/thinkphpDocument/Application/Document/Controller/IndexController.class.php 第 14 行.
NOTIC: [8] Undefined index: d3 /work/dipan.so/thinkphpDocument/Application/Document/Controller/IndexController.class.php 第 15 行.
INFO: [ view_parse ] --START--
INFO: [ template_filter ] --START--
INFO: Run Behavior\ContentReplaceBehavior [ RunTime:0.000020s ]
INFO: [ template_filter ] --END-- [ RunTime:0.000051s ]
INFO: Run Behavior\ParseTemplateBehavior [ RunTime:0.003674s ]
INFO: [ view_parse ] --END-- [ RunTime:0.003697s ]
INFO: [ view_filter ] --START--
INFO: Run Behavior\WriteHtmlCacheBehavior [ RunTime:0.000253s ]
INFO: [ view_filter ] --END-- [ RunTime:0.000275s ]
INFO: [ app_end ] --START--
INFO: Run Behavior\ShowPageTraceBehavior [ RunTime:0.000421s ]
INFO: [ app_end ] --END-- [ RunTime:0.000444s ]

[ 2016-01-07T14:51:30+08:00 ] 127.0.0.1 /Document/Item/getItem
INFO: [ app_init ] --START--
INFO: Run Behavior\BuildLiteBehavior [ RunTime:0.000009s ]
INFO: [ app_init ] --END-- [ RunTime:0.000180s ]
INFO: [ app_begin ] --START--
INFO: Run Behavior\ReadHtmlCacheBehavior [ RunTime:0.000215s ]
INFO: [ app_begin ] --END-- [ RunTime:0.000240s ]
NOTIC: [2048] Non-static method Document\Server\ItemServer::showAll() should not be called statically, assuming $this from incompatible context /work/dipan.so/thinkphpDocument/Application/Document/Controller/ItemController.class.php 第 27 行.
NOTIC: [2048] Non-static method Document\Model\ItemModel::showAll() should not be called statically, assuming $this from incompatible context /work/dipan.so/thinkphpDocument/Application/Document/Server/ItemServer.class.php 第 25 行.
NOTIC: [2048] Non-static method Document\Model\ItemModel::init() should not be called statically, assuming $this from incompatible context /work/dipan.so/thinkphpDocument/Application/Document/Model/ItemModel.class.php 第 30 行.
NOTIC: [2048] Declaration of Think\Model\MongoModel::setInc() should be compatible with Think\Model::setInc($field, $step = 1, $lazyTime = 0) /work/dipan.so/thinkphpDocument/ThinkPHP/Library/Think/Model/MongoModel.class.php 第 17 行.
NOTIC: [2048] Declaration of Think\Model\MongoModel::setDec() should be compatible with Think\Model::setDec($field, $step = 1, $lazyTime = 0) /work/dipan.so/thinkphpDocument/ThinkPHP/Library/Think/Model/MongoModel.class.php 第 17 行.
NOTIC: [2048] Declaration of Think\Db\Driver\Mongo::connect() should be compatible with Think\Db\Driver::connect($config = '', $linkNum = 0, $autoConnection = false) /work/dipan.so/thinkphpDocument/ThinkPHP/Library/Think/Db/Driver/Mongo.class.php 第 18 行.
NOTIC: [2048] Declaration of Think\Db\Driver\Mongo::insertAll() should be compatible with Think\Db\Driver::insertAll($dataSet, $options = Array, $replace = false) /work/dipan.so/thinkphpDocument/ThinkPHP/Library/Think/Db/Driver/Mongo.class.php 第 18 行.
SQL: document.getCollection(item) [ RunTime:0.0000s ]
SQL: document.item.find({}) [ RunTime:0.0000s ]

[ 2016-01-07T14:51:30+08:00 ] 127.0.0.1 /Document/Item/getItem
INFO: [ app_init ] --START--
INFO: Run Behavior\BuildLiteBehavior [ RunTime:0.000009s ]
INFO: [ app_init ] --END-- [ RunTime:0.000193s ]
INFO: [ app_begin ] --START--
INFO: Run Behavior\ReadHtmlCacheBehavior [ RunTime:0.000206s ]
INFO: [ app_begin ] --END-- [ RunTime:0.000232s ]
NOTIC: [2048] Non-static method Document\Server\ItemServer::showAll() should not be called statically, assuming $this from incompatible context /work/dipan.so/thinkphpDocument/Application/Document/Controller/ItemController.class.php 第 27 行.
NOTIC: [2048] Non-static method Document\Model\ItemModel::showAll() should not be called statically, assuming $this from incompatible context /work/dipan.so/thinkphpDocument/Application/Document/Server/ItemServer.class.php 第 25 行.
NOTIC: [2048] Non-static method Document\Model\ItemModel::init() should not be called statically, assuming $this from incompatible context /work/dipan.so/thinkphpDocument/Application/Document/Model/ItemModel.class.php 第 30 行.
NOTIC: [2048] Declaration of Think\Model\MongoModel::setInc() should be compatible with Think\Model::setInc($field, $step = 1, $lazyTime = 0) /work/dipan.so/thinkphpDocument/ThinkPHP/Library/Think/Model/MongoModel.class.php 第 17 行.
NOTIC: [2048] Declaration of Think\Model\MongoModel::setDec() should be compatible with Think\Model::setDec($field, $step = 1, $lazyTime = 0) /work/dipan.so/thinkphpDocument/ThinkPHP/Library/Think/Model/MongoModel.class.php 第 17 行.
NOTIC: [2048] Declaration of Think\Db\Driver\Mongo::connect() should be compatible with Think\Db\Driver::connect($config = '', $linkNum = 0, $autoConnection = false) /work/dipan.so/thinkphpDocument/ThinkPHP/Library/Think/Db/Driver/Mongo.class.php 第 18 行.
NOTIC: [2048] Declaration of Think\Db\Driver\Mongo::insertAll() should be compatible with Think\Db\Driver::insertAll($dataSet, $options = Array, $replace = false) /work/dipan.so/thinkphpDocument/ThinkPHP/Library/Think/Db/Driver/Mongo.class.php 第 18 行.
SQL: document.getCollection(item) [ RunTime:0.0000s ]
SQL: document.item.find({}) [ RunTime:0.0000s ]

[ 2016-01-07T14:52:32+08:00 ] 127.0.0.1 /
INFO: [ app_init ] --START--
INFO: Run Behavior\BuildLiteBehavior [ RunTime:0.000009s ]
INFO: [ app_init ] --END-- [ RunTime:0.000327s ]
INFO: [ app_begin ] --START--
INFO: Run Behavior\ReadHtmlCacheBehavior [ RunTime:0.000352s ]
INFO: [ app_begin ] --END-- [ RunTime:0.000373s ]
NOTIC: [8] Undefined index: d1 /work/dipan.so/thinkphpDocument/Application/Document/Controller/IndexController.class.php 第 13 行.
NOTIC: [8] Undefined index: d2 /work/dipan.so/thinkphpDocument/Application/Document/Controller/IndexController.class.php 第 14 行.
NOTIC: [8] Undefined index: d3 /work/dipan.so/thinkphpDocument/Application/Document/Controller/IndexController.class.php 第 15 行.
INFO: [ view_parse ] --START--
INFO: [ template_filter ] --START--
INFO: Run Behavior\ContentReplaceBehavior [ RunTime:0.000021s ]
INFO: [ template_filter ] --END-- [ RunTime:0.000057s ]
INFO: Run Behavior\ParseTemplateBehavior [ RunTime:0.003744s ]
INFO: [ view_parse ] --END-- [ RunTime:0.003764s ]
INFO: [ view_filter ] --START--
INFO: Run Behavior\WriteHtmlCacheBehavior [ RunTime:0.000235s ]
INFO: [ view_filter ] --END-- [ RunTime:0.000256s ]
INFO: [ app_end ] --START--
INFO: Run Behavior\ShowPageTraceBehavior [ RunTime:0.000442s ]
INFO: [ app_end ] --END-- [ RunTime:0.000474s ]

[ 2016-01-07T14:52:33+08:00 ] 127.0.0.1 /Document/Item/getItem
INFO: [ app_init ] --START--
INFO: Run Behavior\BuildLiteBehavior [ RunTime:0.000009s ]
INFO: [ app_init ] --END-- [ RunTime:0.000161s ]
INFO: [ app_begin ] --START--
INFO: Run Behavior\ReadHtmlCacheBehavior [ RunTime:0.000205s ]
INFO: [ app_begin ] --END-- [ RunTime:0.000231s ]
NOTIC: [2048] Non-static method Document\Server\ItemServer::showAll() should not be called statically, assuming $this from incompatible context /work/dipan.so/thinkphpDocument/Application/Document/Controller/ItemController.class.php 第 27 行.
NOTIC: [2048] Non-static method Document\Model\ItemModel::showAll() should not be called statically, assuming $this from incompatible context /work/dipan.so/thinkphpDocument/Application/Document/Server/ItemServer.class.php 第 25 行.
NOTIC: [2048] Non-static method Document\Model\ItemModel::init() should not be called statically, assuming $this from incompatible context /work/dipan.so/thinkphpDocument/Application/Document/Model/ItemModel.class.php 第 30 行.
NOTIC: [2048] Declaration of Think\Model\MongoModel::setInc() should be compatible with Think\Model::setInc($field, $step = 1, $lazyTime = 0) /work/dipan.so/thinkphpDocument/ThinkPHP/Library/Think/Model/MongoModel.class.php 第 17 行.
NOTIC: [2048] Declaration of Think\Model\MongoModel::setDec() should be compatible with Think\Model::setDec($field, $step = 1, $lazyTime = 0) /work/dipan.so/thinkphpDocument/ThinkPHP/Library/Think/Model/MongoModel.class.php 第 17 行.
NOTIC: [2048] Declaration of Think\Db\Driver\Mongo::connect() should be compatible with Think\Db\Driver::connect($config = '', $linkNum = 0, $autoConnection = false) /work/dipan.so/thinkphpDocument/ThinkPHP/Library/Think/Db/Driver/Mongo.class.php 第 18 行.
NOTIC: [2048] Declaration of Think\Db\Driver\Mongo::insertAll() should be compatible with Think\Db\Driver::insertAll($dataSet, $options = Array, $replace = false) /work/dipan.so/thinkphpDocument/ThinkPHP/Library/Think/Db/Driver/Mongo.class.php 第 18 行.
SQL: document.getCollection(item) [ RunTime:0.0000s ]
SQL: document.item.find({}) [ RunTime:0.0000s ]

[ 2016-01-07T14:52:33+08:00 ] 127.0.0.1 /Document/Item/getItem
INFO: [ app_init ] --START--
INFO: Run Behavior\BuildLiteBehavior [ RunTime:0.000010s ]
INFO: [ app_init ] --END-- [ RunTime:0.000171s ]
INFO: [ app_begin ] --START--
INFO: Run Behavior\ReadHtmlCacheBehavior [ RunTime:0.000223s ]
INFO: [ app_begin ] --END-- [ RunTime:0.000252s ]
NOTIC: [2048] Non-static method Document\Server\ItemServer::showAll() should not be called statically, assuming $this from incompatible context /work/dipan.so/thinkphpDocument/Application/Document/Controller/ItemController.class.php 第 27 行.
NOTIC: [2048] Non-static method Document\Model\ItemModel::showAll() should not be called statically, assuming $this from incompatible context /work/dipan.so/thinkphpDocument/Application/Document/Server/ItemServer.class.php 第 25 行.
NOTIC: [2048] Non-static method Document\Model\ItemModel::init() should not be called statically, assuming $this from incompatible context /work/dipan.so/thinkphpDocument/Application/Document/Model/ItemModel.class.php 第 30 行.
NOTIC: [2048] Declaration of Think\Model\MongoModel::setInc() should be compatible with Think\Model::setInc($field, $step = 1, $lazyTime = 0) /work/dipan.so/thinkphpDocument/ThinkPHP/Library/Think/Model/MongoModel.class.php 第 17 行.
NOTIC: [2048] Declaration of Think\Model\MongoModel::setDec() should be compatible with Think\Model::setDec($field, $step = 1, $lazyTime = 0) /work/dipan.so/thinkphpDocument/ThinkPHP/Library/Think/Model/MongoModel.class.php 第 17 行.
NOTIC: [2048] Declaration of Think\Db\Driver\Mongo::connect() should be compatible with Think\Db\Driver::connect($config = '', $linkNum = 0, $autoConnection = false) /work/dipan.so/thinkphpDocument/ThinkPHP/Library/Think/Db/Driver/Mongo.class.php 第 18 行.
NOTIC: [2048] Declaration of Think\Db\Driver\Mongo::insertAll() should be compatible with Think\Db\Driver::insertAll($dataSet, $options = Array, $replace = false) /work/dipan.so/thinkphpDocument/ThinkPHP/Library/Think/Db/Driver/Mongo.class.php 第 18 行.
SQL: document.getCollection(item) [ RunTime:0.0000s ]
SQL: document.item.find({}) [ RunTime:0.0000s ]

[ 2016-01-07T14:52:36+08:00 ] 127.0.0.1 /Document/Cate/getItem
INFO: [ app_init ] --START--
INFO: Run Behavior\BuildLiteBehavior [ RunTime:0.000011s ]
INFO: [ app_init ] --END-- [ RunTime:0.000191s ]
INFO: [ app_begin ] --START--
INFO: Run Behavior\ReadHtmlCacheBehavior [ RunTime:0.000219s ]
INFO: [ app_begin ] --END-- [ RunTime:0.000246s ]
NOTIC: [2048] Non-static method Document\Server\CateServer::showAll() should not be called statically, assuming $this from incompatible context /work/dipan.so/thinkphpDocument/Application/Document/Controller/CateController.class.php 第 27 行.
NOTIC: [2048] Non-static method Document\Model\CateModel::showAll() should not be called statically, assuming $this from incompatible context /work/dipan.so/thinkphpDocument/Application/Document/Server/CateServer.class.php 第 37 行.
NOTIC: [2048] Non-static method Document\Model\CateModel::init() should not be called statically, assuming $this from incompatible context /work/dipan.so/thinkphpDocument/Application/Document/Model/CateModel.class.php 第 39 行.
NOTIC: [2048] Declaration of Think\Model\MongoModel::setInc() should be compatible with Think\Model::setInc($field, $step = 1, $lazyTime = 0) /work/dipan.so/thinkphpDocument/ThinkPHP/Library/Think/Model/MongoModel.class.php 第 17 行.
NOTIC: [2048] Declaration of Think\Model\MongoModel::setDec() should be compatible with Think\Model::setDec($field, $step = 1, $lazyTime = 0) /work/dipan.so/thinkphpDocument/ThinkPHP/Library/Think/Model/MongoModel.class.php 第 17 行.
NOTIC: [2048] Declaration of Think\Db\Driver\Mongo::connect() should be compatible with Think\Db\Driver::connect($config = '', $linkNum = 0, $autoConnection = false) /work/dipan.so/thinkphpDocument/ThinkPHP/Library/Think/Db/Driver/Mongo.class.php 第 18 行.
NOTIC: [2048] Declaration of Think\Db\Driver\Mongo::insertAll() should be compatible with Think\Db\Driver::insertAll($dataSet, $options = Array, $replace = false) /work/dipan.so/thinkphpDocument/ThinkPHP/Library/Think/Db/Driver/Mongo.class.php 第 18 行.
SQL: document.getCollection(cate) [ RunTime:0.0000s ]
SQL: document.cate.find({"itemId":"56894a099367a2031b0041aa"}) [ RunTime:0.0000s ]

[ 2016-01-07T14:54:13+08:00 ] 127.0.0.1 /
INFO: [ app_init ] --START--
INFO: Run Behavior\BuildLiteBehavior [ RunTime:0.000007s ]
INFO: [ app_init ] --END-- [ RunTime:0.000155s ]
INFO: [ app_begin ] --START--
INFO: Run Behavior\ReadHtmlCacheBehavior [ RunTime:0.000197s ]
INFO: [ app_begin ] --END-- [ RunTime:0.000220s ]
NOTIC: [8] Undefined index: d1 /work/dipan.so/thinkphpDocument/Application/Document/Controller/IndexController.class.php 第 13 行.
NOTIC: [8] Undefined index: d2 /work/dipan.so/thinkphpDocument/Application/Document/Controller/IndexController.class.php 第 14 行.
NOTIC: [8] Undefined index: d3 /work/dipan.so/thinkphpDocument/Application/Document/Controller/IndexController.class.php 第 15 行.
INFO: [ view_parse ] --START--
INFO: [ template_filter ] --START--
INFO: Run Behavior\ContentReplaceBehavior [ RunTime:0.000026s ]
INFO: [ template_filter ] --END-- [ RunTime:0.000046s ]
INFO: Run Behavior\ParseTemplateBehavior [ RunTime:0.003147s ]
INFO: [ view_parse ] --END-- [ RunTime:0.003172s ]
INFO: [ view_filter ] --START--
INFO: Run Behavior\WriteHtmlCacheBehavior [ RunTime:0.000077s ]
INFO: [ view_filter ] --END-- [ RunTime:0.000095s ]
INFO: [ app_end ] --START--
INFO: Run Behavior\ShowPageTraceBehavior [ RunTime:0.000224s ]
INFO: [ app_end ] --END-- [ RunTime:0.000243s ]

[ 2016-01-07T14:54:13+08:00 ] 127.0.0.1 /
INFO: [ app_init ] --START--
INFO: Run Behavior\BuildLiteBehavior [ RunTime:0.000008s ]
INFO: [ app_init ] --END-- [ RunTime:0.000161s ]
INFO: [ app_begin ] --START--
INFO: Run Behavior\ReadHtmlCacheBehavior [ RunTime:0.000200s ]
INFO: [ app_begin ] --END-- [ RunTime:0.000234s ]
NOTIC: [8] Undefined index: d1 /work/dipan.so/thinkphpDocument/Application/Document/Controller/IndexController.class.php 第 13 行.
NOTIC: [8] Undefined index: d2 /work/dipan.so/thinkphpDocument/Application/Document/Controller/IndexController.class.php 第 14 行.
NOTIC: [8] Undefined index: d3 /work/dipan.so/thinkphpDocument/Application/Document/Controller/IndexController.class.php 第 15 行.
INFO: [ view_parse ] --START--
INFO: [ template_filter ] --START--
INFO: Run Behavior\ContentReplaceBehavior [ RunTime:0.000021s ]
INFO: [ template_filter ] --END-- [ RunTime:0.000058s ]
INFO: Run Behavior\ParseTemplateBehavior [ RunTime:0.002769s ]
INFO: [ view_parse ] --END-- [ RunTime:0.002792s ]
INFO: [ view_filter ] --START--
INFO: Run Behavior\WriteHtmlCacheBehavior [ RunTime:0.000084s ]
INFO: [ view_filter ] --END-- [ RunTime:0.000103s ]
INFO: [ app_end ] --START--
INFO: Run Behavior\ShowPageTraceBehavior [ RunTime:0.000241s ]
INFO: [ app_end ] --END-- [ RunTime:0.000261s ]

[ 2016-01-07T14:54:13+08:00 ] 127.0.0.1 /Document/Item/getItem
INFO: [ app_init ] --START--
INFO: Run Behavior\BuildLiteBehavior [ RunTime:0.000008s ]
INFO: [ app_init ] --END-- [ RunTime:0.000167s ]
INFO: [ app_begin ] --START--
INFO: Run Behavior\ReadHtmlCacheBehavior [ RunTime:0.000235s ]
INFO: [ app_begin ] --END-- [ RunTime:0.000260s ]
NOTIC: [2048] Non-static method Document\Server\ItemServer::showAll() should not be called statically, assuming $this from incompatible context /work/dipan.so/thinkphpDocument/Application/Document/Controller/ItemController.class.php 第 27 行.
NOTIC: [2048] Non-static method Document\Model\ItemModel::showAll() should not be called statically, assuming $this from incompatible context /work/dipan.so/thinkphpDocument/Application/Document/Server/ItemServer.class.php 第 25 行.
NOTIC: [2048] Non-static method Document\Model\ItemModel::init() should not be called statically, assuming $this from incompatible context /work/dipan.so/thinkphpDocument/Application/Document/Model/ItemModel.class.php 第 30 行.
NOTIC: [2048] Declaration of Think\Model\MongoModel::setInc() should be compatible with Think\Model::setInc($field, $step = 1, $lazyTime = 0) /work/dipan.so/thinkphpDocument/ThinkPHP/Library/Think/Model/MongoModel.class.php 第 17 行.
NOTIC: [2048] Declaration of Think\Model\MongoModel::setDec() should be compatible with Think\Model::setDec($field, $step = 1, $lazyTime = 0) /work/dipan.so/thinkphpDocument/ThinkPHP/Library/Think/Model/MongoModel.class.php 第 17 行.
NOTIC: [2048] Declaration of Think\Db\Driver\Mongo::connect() should be compatible with Think\Db\Driver::connect($config = '', $linkNum = 0, $autoConnection = false) /work/dipan.so/thinkphpDocument/ThinkPHP/Library/Think/Db/Driver/Mongo.class.php 第 18 行.
NOTIC: [2048] Declaration of Think\Db\Driver\Mongo::insertAll() should be compatible with Think\Db\Driver::insertAll($dataSet, $options = Array, $replace = false) /work/dipan.so/thinkphpDocument/ThinkPHP/Library/Think/Db/Driver/Mongo.class.php 第 18 行.
SQL: document.getCollection(item) [ RunTime:0.0000s ]
SQL: document.item.find({}) [ RunTime:0.0000s ]

[ 2016-01-07T14:54:13+08:00 ] 127.0.0.1 /Document/Item/getItem
INFO: [ app_init ] --START--
INFO: Run Behavior\BuildLiteBehavior [ RunTime:0.000009s ]
INFO: [ app_init ] --END-- [ RunTime:0.000169s ]
INFO: [ app_begin ] --START--
INFO: Run Behavior\ReadHtmlCacheBehavior [ RunTime:0.000234s ]
INFO: [ app_begin ] --END-- [ RunTime:0.000263s ]
NOTIC: [2048] Non-static method Document\Server\ItemServer::showAll() should not be called statically, assuming $this from incompatible context /work/dipan.so/thinkphpDocument/Application/Document/Controller/ItemController.class.php 第 27 行.
NOTIC: [2048] Non-static method Document\Model\ItemModel::showAll() should not be called statically, assuming $this from incompatible context /work/dipan.so/thinkphpDocument/Application/Document/Server/ItemServer.class.php 第 25 行.
NOTIC: [2048] Non-static method Document\Model\ItemModel::init() should not be called statically, assuming $this from incompatible context /work/dipan.so/thinkphpDocument/Application/Document/Model/ItemModel.class.php 第 30 行.
NOTIC: [2048] Declaration of Think\Model\MongoModel::setInc() should be compatible with Think\Model::setInc($field, $step = 1, $lazyTime = 0) /work/dipan.so/thinkphpDocument/ThinkPHP/Library/Think/Model/MongoModel.class.php 第 17 行.
NOTIC: [2048] Declaration of Think\Model\MongoModel::setDec() should be compatible with Think\Model::setDec($field, $step = 1, $lazyTime = 0) /work/dipan.so/thinkphpDocument/ThinkPHP/Library/Think/Model/MongoModel.class.php 第 17 行.
NOTIC: [2048] Declaration of Think\Db\Driver\Mongo::connect() should be compatible with Think\Db\Driver::connect($config = '', $linkNum = 0, $autoConnection = false) /work/dipan.so/thinkphpDocument/ThinkPHP/Library/Think/Db/Driver/Mongo.class.php 第 18 行.
NOTIC: [2048] Declaration of Think\Db\Driver\Mongo::insertAll() should be compatible with Think\Db\Driver::insertAll($dataSet, $options = Array, $replace = false) /work/dipan.so/thinkphpDocument/ThinkPHP/Library/Think/Db/Driver/Mongo.class.php 第 18 行.
SQL: document.getCollection(item) [ RunTime:0.0000s ]
SQL: document.item.find({}) [ RunTime:0.0000s ]

[ 2016-01-07T14:55:29+08:00 ] 127.0.0.1 /
INFO: [ app_init ] --START--
INFO: Run Behavior\BuildLiteBehavior [ RunTime:0.000007s ]
INFO: [ app_init ] --END-- [ RunTime:0.000143s ]
INFO: [ app_begin ] --START--
INFO: Run Behavior\ReadHtmlCacheBehavior [ RunTime:0.000174s ]
INFO: [ app_begin ] --END-- [ RunTime:0.000195s ]
NOTIC: [8] Undefined index: d1 /work/dipan.so/thinkphpDocument/Application/Document/Controller/IndexController.class.php 第 13 行.
NOTIC: [8] Undefined index: d2 /work/dipan.so/thinkphpDocument/Application/Document/Controller/IndexController.class.php 第 14 行.
NOTIC: [8] Undefined index: d3 /work/dipan.so/thinkphpDocument/Application/Document/Controller/IndexController.class.php 第 15 行.
INFO: [ view_parse ] --START--
INFO: [ template_filter ] --START--
INFO: Run Behavior\ContentReplaceBehavior [ RunTime:0.000015s ]
INFO: [ template_filter ] --END-- [ RunTime:0.000037s ]
INFO: Run Behavior\ParseTemplateBehavior [ RunTime:0.002225s ]
INFO: [ view_parse ] --END-- [ RunTime:0.002245s ]
INFO: [ view_filter ] --START--
INFO: Run Behavior\WriteHtmlCacheBehavior [ RunTime:0.000065s ]
INFO: [ view_filter ] --END-- [ RunTime:0.000081s ]
INFO: [ app_end ] --START--
INFO: Run Behavior\ShowPageTraceBehavior [ RunTime:0.000184s ]
INFO: [ app_end ] --END-- [ RunTime:0.000200s ]

[ 2016-01-07T14:55:29+08:00 ] 127.0.0.1 /Document/Item/getItem
INFO: [ app_init ] --START--
INFO: Run Behavior\BuildLiteBehavior [ RunTime:0.000010s ]
INFO: [ app_init ] --END-- [ RunTime:0.000179s ]
INFO: [ app_begin ] --START--
INFO: Run Behavior\ReadHtmlCacheBehavior [ RunTime:0.000208s ]
INFO: [ app_begin ] --END-- [ RunTime:0.000233s ]
NOTIC: [2048] Non-static method Document\Server\ItemServer::showAll() should not be called statically, assuming $this from incompatible context /work/dipan.so/thinkphpDocument/Application/Document/Controller/ItemController.class.php 第 27 行.
NOTIC: [2048] Non-static method Document\Model\ItemModel::showAll() should not be called statically, assuming $this from incompatible context /work/dipan.so/thinkphpDocument/Application/Document/Server/ItemServer.class.php 第 25 行.
NOTIC: [2048] Non-static method Document\Model\ItemModel::init() should not be called statically, assuming $this from incompatible context /work/dipan.so/thinkphpDocument/Application/Document/Model/ItemModel.class.php 第 30 行.
NOTIC: [2048] Declaration of Think\Model\MongoModel::setInc() should be compatible with Think\Model::setInc($field, $step = 1, $lazyTime = 0) /work/dipan.so/thinkphpDocument/ThinkPHP/Library/Think/Model/MongoModel.class.php 第 17 行.
NOTIC: [2048] Declaration of Think\Model\MongoModel::setDec() should be compatible with Think\Model::setDec($field, $step = 1, $lazyTime = 0) /work/dipan.so/thinkphpDocument/ThinkPHP/Library/Think/Model/MongoModel.class.php 第 17 行.
NOTIC: [2048] Declaration of Think\Db\Driver\Mongo::connect() should be compatible with Think\Db\Driver::connect($config = '', $linkNum = 0, $autoConnection = false) /work/dipan.so/thinkphpDocument/ThinkPHP/Library/Think/Db/Driver/Mongo.class.php 第 18 行.
NOTIC: [2048] Declaration of Think\Db\Driver\Mongo::insertAll() should be compatible with Think\Db\Driver::insertAll($dataSet, $options = Array, $replace = false) /work/dipan.so/thinkphpDocument/ThinkPHP/Library/Think/Db/Driver/Mongo.class.php 第 18 行.
SQL: document.getCollection(item) [ RunTime:0.0000s ]
SQL: document.item.find({}) [ RunTime:0.0000s ]

[ 2016-01-07T14:55:29+08:00 ] 127.0.0.1 /Document/Item/getItem
INFO: [ app_init ] --START--
INFO: Run Behavior\BuildLiteBehavior [ RunTime:0.000016s ]
INFO: [ app_init ] --END-- [ RunTime:0.000202s ]
INFO: [ app_begin ] --START--
INFO: Run Behavior\ReadHtmlCacheBehavior [ RunTime:0.000254s ]
INFO: [ app_begin ] --END-- [ RunTime:0.000289s ]
NOTIC: [2048] Non-static method Document\Server\ItemServer::showAll() should not be called statically, assuming $this from incompatible context /work/dipan.so/thinkphpDocument/Application/Document/Controller/ItemController.class.php 第 27 行.
NOTIC: [2048] Non-static method Document\Model\ItemModel::showAll() should not be called statically, assuming $this from incompatible context /work/dipan.so/thinkphpDocument/Application/Document/Server/ItemServer.class.php 第 25 行.
NOTIC: [2048] Non-static method Document\Model\ItemModel::init() should not be called statically, assuming $this from incompatible context /work/dipan.so/thinkphpDocument/Application/Document/Model/ItemModel.class.php 第 30 行.
NOTIC: [2048] Declaration of Think\Model\MongoModel::setInc() should be compatible with Think\Model::setInc($field, $step = 1, $lazyTime = 0) /work/dipan.so/thinkphpDocument/ThinkPHP/Library/Think/Model/MongoModel.class.php 第 17 行.
NOTIC: [2048] Declaration of Think\Model\MongoModel::setDec() should be compatible with Think\Model::setDec($field, $step = 1, $lazyTime = 0) /work/dipan.so/thinkphpDocument/ThinkPHP/Library/Think/Model/MongoModel.class.php 第 17 行.
NOTIC: [2048] Declaration of Think\Db\Driver\Mongo::connect() should be compatible with Think\Db\Driver::connect($config = '', $linkNum = 0, $autoConnection = false) /work/dipan.so/thinkphpDocument/ThinkPHP/Library/Think/Db/Driver/Mongo.class.php 第 18 行.
NOTIC: [2048] Declaration of Think\Db\Driver\Mongo::insertAll() should be compatible with Think\Db\Driver::insertAll($dataSet, $options = Array, $replace = false) /work/dipan.so/thinkphpDocument/ThinkPHP/Library/Think/Db/Driver/Mongo.class.php 第 18 行.
SQL: document.getCollection(item) [ RunTime:0.0000s ]
SQL: document.item.find({}) [ RunTime:0.0000s ]

[ 2016-01-07T14:56:30+08:00 ] 127.0.0.1 /
INFO: [ app_init ] --START--
INFO: Run Behavior\BuildLiteBehavior [ RunTime:0.000009s ]
INFO: [ app_init ] --END-- [ RunTime:0.000316s ]
INFO: [ app_begin ] --START--
INFO: Run Behavior\ReadHtmlCacheBehavior [ RunTime:0.000394s ]
INFO: [ app_begin ] --END-- [ RunTime:0.000423s ]
NOTIC: [8] Undefined index: d1 /work/dipan.so/thinkphpDocument/Application/Document/Controller/IndexController.class.php 第 13 行.
NOTIC: [8] Undefined index: d2 /work/dipan.so/thinkphpDocument/Application/Document/Controller/IndexController.class.php 第 14 行.
NOTIC: [8] Undefined index: d3 /work/dipan.so/thinkphpDocument/Application/Document/Controller/IndexController.class.php 第 15 行.
INFO: [ view_parse ] --START--
INFO: [ template_filter ] --START--
INFO: Run Behavior\ContentReplaceBehavior [ RunTime:0.000019s ]
INFO: [ template_filter ] --END-- [ RunTime:0.000053s ]
INFO: Run Behavior\ParseTemplateBehavior [ RunTime:0.003847s ]
INFO: [ view_parse ] --END-- [ RunTime:0.003868s ]
INFO: [ view_filter ] --START--
INFO: Run Behavior\WriteHtmlCacheBehavior [ RunTime:0.000238s ]
INFO: [ view_filter ] --END-- [ RunTime:0.000259s ]
INFO: [ app_end ] --START--
INFO: Run Behavior\ShowPageTraceBehavior [ RunTime:0.000563s ]
INFO: [ app_end ] --END-- [ RunTime:0.000595s ]

[ 2016-01-07T14:56:31+08:00 ] 127.0.0.1 /Document/Item/getItem
INFO: [ app_init ] --START--
INFO: Run Behavior\BuildLiteBehavior [ RunTime:0.000007s ]
INFO: [ app_init ] --END-- [ RunTime:0.000170s ]
INFO: [ app_begin ] --START--
INFO: Run Behavior\ReadHtmlCacheBehavior [ RunTime:0.000188s ]
INFO: [ app_begin ] --END-- [ RunTime:0.000210s ]
NOTIC: [2048] Non-static method Document\Server\ItemServer::showAll() should not be called statically, assuming $this from incompatible context /work/dipan.so/thinkphpDocument/Application/Document/Controller/ItemController.class.php 第 27 行.
NOTIC: [2048] Non-static method Document\Model\ItemModel::showAll() should not be called statically, assuming $this from incompatible context /work/dipan.so/thinkphpDocument/Application/Document/Server/ItemServer.class.php 第 25 行.
NOTIC: [2048] Non-static method Document\Model\ItemModel::init() should not be called statically, assuming $this from incompatible context /work/dipan.so/thinkphpDocument/Application/Document/Model/ItemModel.class.php 第 30 行.
NOTIC: [2048] Declaration of Think\Model\MongoModel::setInc() should be compatible with Think\Model::setInc($field, $step = 1, $lazyTime = 0) /work/dipan.so/thinkphpDocument/ThinkPHP/Library/Think/Model/MongoModel.class.php 第 17 行.
NOTIC: [2048] Declaration of Think\Model\MongoModel::setDec() should be compatible with Think\Model::setDec($field, $step = 1, $lazyTime = 0) /work/dipan.so/thinkphpDocument/ThinkPHP/Library/Think/Model/MongoModel.class.php 第 17 行.
NOTIC: [2048] Declaration of Think\Db\Driver\Mongo::connect() should be compatible with Think\Db\Driver::connect($config = '', $linkNum = 0, $autoConnection = false) /work/dipan.so/thinkphpDocument/ThinkPHP/Library/Think/Db/Driver/Mongo.class.php 第 18 行.
NOTIC: [2048] Declaration of Think\Db\Driver\Mongo::insertAll() should be compatible with Think\Db\Driver::insertAll($dataSet, $options = Array, $replace = false) /work/dipan.so/thinkphpDocument/ThinkPHP/Library/Think/Db/Driver/Mongo.class.php 第 18 行.
SQL: document.getCollection(item) [ RunTime:0.0000s ]
SQL: document.item.find({}) [ RunTime:0.0000s ]

[ 2016-01-07T14:56:31+08:00 ] 127.0.0.1 /Document/Item/getItem
INFO: [ app_init ] --START--
INFO: Run Behavior\BuildLiteBehavior [ RunTime:0.000008s ]
INFO: [ app_init ] --END-- [ RunTime:0.000175s ]
INFO: [ app_begin ] --START--
INFO: Run Behavior\ReadHtmlCacheBehavior [ RunTime:0.000228s ]
INFO: [ app_begin ] --END-- [ RunTime:0.000256s ]
NOTIC: [2048] Non-static method Document\Server\ItemServer::showAll() should not be called statically, assuming $this from incompatible context /work/dipan.so/thinkphpDocument/Application/Document/Controller/ItemController.class.php 第 27 行.
NOTIC: [2048] Non-static method Document\Model\ItemModel::showAll() should not be called statically, assuming $this from incompatible context /work/dipan.so/thinkphpDocument/Application/Document/Server/ItemServer.class.php 第 25 行.
NOTIC: [2048] Non-static method Document\Model\ItemModel::init() should not be called statically, assuming $this from incompatible context /work/dipan.so/thinkphpDocument/Application/Document/Model/ItemModel.class.php 第 30 行.
NOTIC: [2048] Declaration of Think\Model\MongoModel::setInc() should be compatible with Think\Model::setInc($field, $step = 1, $lazyTime = 0) /work/dipan.so/thinkphpDocument/ThinkPHP/Library/Think/Model/MongoModel.class.php 第 17 行.
NOTIC: [2048] Declaration of Think\Model\MongoModel::setDec() should be compatible with Think\Model::setDec($field, $step = 1, $lazyTime = 0) /work/dipan.so/thinkphpDocument/ThinkPHP/Library/Think/Model/MongoModel.class.php 第 17 行.
NOTIC: [2048] Declaration of Think\Db\Driver\Mongo::connect() should be compatible with Think\Db\Driver::connect($config = '', $linkNum = 0, $autoConnection = false) /work/dipan.so/thinkphpDocument/ThinkPHP/Library/Think/Db/Driver/Mongo.class.php 第 18 行.
NOTIC: [2048] Declaration of Think\Db\Driver\Mongo::insertAll() should be compatible with Think\Db\Driver::insertAll($dataSet, $options = Array, $replace = false) /work/dipan.so/thinkphpDocument/ThinkPHP/Library/Think/Db/Driver/Mongo.class.php 第 18 行.
SQL: document.getCollection(item) [ RunTime:0.0000s ]
SQL: document.item.find({}) [ RunTime:0.0000s ]

[ 2016-01-07T14:56:57+08:00 ] 127.0.0.1 /
INFO: [ app_init ] --START--
INFO: Run Behavior\BuildLiteBehavior [ RunTime:0.000008s ]
INFO: [ app_init ] --END-- [ RunTime:0.000352s ]
INFO: [ app_begin ] --START--
INFO: Run Behavior\ReadHtmlCacheBehavior [ RunTime:0.000399s ]
INFO: [ app_begin ] --END-- [ RunTime:0.000441s ]
NOTIC: [8] Undefined index: d1 /work/dipan.so/thinkphpDocument/Application/Document/Controller/IndexController.class.php 第 13 行.
NOTIC: [8] Undefined index: d2 /work/dipan.so/thinkphpDocument/Application/Document/Controller/IndexController.class.php 第 14 行.
NOTIC: [8] Undefined index: d3 /work/dipan.so/thinkphpDocument/Application/Document/Controller/IndexController.class.php 第 15 行.
INFO: [ view_parse ] --START--
INFO: [ template_filter ] --START--
INFO: Run Behavior\ContentReplaceBehavior [ RunTime:0.000018s ]
INFO: [ template_filter ] --END-- [ RunTime:0.000043s ]
INFO: Run Behavior\ParseTemplateBehavior [ RunTime:0.003149s ]
INFO: [ view_parse ] --END-- [ RunTime:0.003170s ]
INFO: [ view_filter ] --START--
INFO: Run Behavior\WriteHtmlCacheBehavior [ RunTime:0.000221s ]
INFO: [ view_filter ] --END-- [ RunTime:0.000241s ]
INFO: [ app_end ] --START--
INFO: Run Behavior\ShowPageTraceBehavior [ RunTime:0.000341s ]
INFO: [ app_end ] --END-- [ RunTime:0.000361s ]

[ 2016-01-07T14:56:57+08:00 ] 127.0.0.1 /Document/Item/getItem
INFO: [ app_init ] --START--
INFO: Run Behavior\BuildLiteBehavior [ RunTime:0.000008s ]
INFO: [ app_init ] --END-- [ RunTime:0.000150s ]
INFO: [ app_begin ] --START--
INFO: Run Behavior\ReadHtmlCacheBehavior [ RunTime:0.000195s ]
INFO: [ app_begin ] --END-- [ RunTime:0.000217s ]
NOTIC: [2048] Non-static method Document\Server\ItemServer::showAll() should not be called statically, assuming $this from incompatible context /work/dipan.so/thinkphpDocument/Application/Document/Controller/ItemController.class.php 第 27 行.
NOTIC: [2048] Non-static method Document\Model\ItemModel::showAll() should not be called statically, assuming $this from incompatible context /work/dipan.so/thinkphpDocument/Application/Document/Server/ItemServer.class.php 第 25 行.
NOTIC: [2048] Non-static method Document\Model\ItemModel::init() should not be called statically, assuming $this from incompatible context /work/dipan.so/thinkphpDocument/Application/Document/Model/ItemModel.class.php 第 30 行.
NOTIC: [2048] Declaration of Think\Model\MongoModel::setInc() should be compatible with Think\Model::setInc($field, $step = 1, $lazyTime = 0) /work/dipan.so/thinkphpDocument/ThinkPHP/Library/Think/Model/MongoModel.class.php 第 17 行.
NOTIC: [2048] Declaration of Think\Model\MongoModel::setDec() should be compatible with Think\Model::setDec($field, $step = 1, $lazyTime = 0) /work/dipan.so/thinkphpDocument/ThinkPHP/Library/Think/Model/MongoModel.class.php 第 17 行.
NOTIC: [2048] Declaration of Think\Db\Driver\Mongo::connect() should be compatible with Think\Db\Driver::connect($config = '', $linkNum = 0, $autoConnection = false) /work/dipan.so/thinkphpDocument/ThinkPHP/Library/Think/Db/Driver/Mongo.class.php 第 18 行.
NOTIC: [2048] Declaration of Think\Db\Driver\Mongo::insertAll() should be compatible with Think\Db\Driver::insertAll($dataSet, $options = Array, $replace = false) /work/dipan.so/thinkphpDocument/ThinkPHP/Library/Think/Db/Driver/Mongo.class.php 第 18 行.
SQL: document.getCollection(item) [ RunTime:0.0000s ]
SQL: document.item.find({}) [ RunTime:0.0000s ]

[ 2016-01-07T14:56:57+08:00 ] 127.0.0.1 /Document/Item/getItem
INFO: [ app_init ] --START--
INFO: Run Behavior\BuildLiteBehavior [ RunTime:0.000008s ]
INFO: [ app_init ] --END-- [ RunTime:0.000188s ]
INFO: [ app_begin ] --START--
INFO: Run Behavior\ReadHtmlCacheBehavior [ RunTime:0.000212s ]
INFO: [ app_begin ] --END-- [ RunTime:0.000244s ]
NOTIC: [2048] Non-static method Document\Server\ItemServer::showAll() should not be called statically, assuming $this from incompatible context /work/dipan.so/thinkphpDocument/Application/Document/Controller/ItemController.class.php 第 27 行.
NOTIC: [2048] Non-static method Document\Model\ItemModel::showAll() should not be called statically, assuming $this from incompatible context /work/dipan.so/thinkphpDocument/Application/Document/Server/ItemServer.class.php 第 25 行.
NOTIC: [2048] Non-static method Document\Model\ItemModel::init() should not be called statically, assuming $this from incompatible context /work/dipan.so/thinkphpDocument/Application/Document/Model/ItemModel.class.php 第 30 行.
NOTIC: [2048] Declaration of Think\Model\MongoModel::setInc() should be compatible with Think\Model::setInc($field, $step = 1, $lazyTime = 0) /work/dipan.so/thinkphpDocument/ThinkPHP/Library/Think/Model/MongoModel.class.php 第 17 行.
NOTIC: [2048] Declaration of Think\Model\MongoModel::setDec() should be compatible with Think\Model::setDec($field, $step = 1, $lazyTime = 0) /work/dipan.so/thinkphpDocument/ThinkPHP/Library/Think/Model/MongoModel.class.php 第 17 行.
NOTIC: [2048] Declaration of Think\Db\Driver\Mongo::connect() should be compatible with Think\Db\Driver::connect($config = '', $linkNum = 0, $autoConnection = false) /work/dipan.so/thinkphpDocument/ThinkPHP/Library/Think/Db/Driver/Mongo.class.php 第 18 行.
NOTIC: [2048] Declaration of Think\Db\Driver\Mongo::insertAll() should be compatible with Think\Db\Driver::insertAll($dataSet, $options = Array, $replace = false) /work/dipan.so/thinkphpDocument/ThinkPHP/Library/Think/Db/Driver/Mongo.class.php 第 18 行.
SQL: document.getCollection(item) [ RunTime:0.0000s ]
SQL: document.item.find({}) [ RunTime:0.0000s ]

[ 2016-01-07T14:58:25+08:00 ] 127.0.0.1 /
INFO: [ app_init ] --START--
INFO: Run Behavior\BuildLiteBehavior [ RunTime:0.000008s ]
INFO: [ app_init ] --END-- [ RunTime:0.000301s ]
INFO: [ app_begin ] --START--
INFO: Run Behavior\ReadHtmlCacheBehavior [ RunTime:0.000230s ]
INFO: [ app_begin ] --END-- [ RunTime:0.000254s ]
NOTIC: [8] Undefined index: d1 /work/dipan.so/thinkphpDocument/Application/Document/Controller/IndexController.class.php 第 13 行.
NOTIC: [8] Undefined index: d2 /work/dipan.so/thinkphpDocument/Application/Document/Controller/IndexController.class.php 第 14 行.
NOTIC: [8] Undefined index: d3 /work/dipan.so/thinkphpDocument/Application/Document/Controller/IndexController.class.php 第 15 行.
INFO: [ view_parse ] --START--
INFO: [ template_filter ] --START--
INFO: Run Behavior\ContentReplaceBehavior [ RunTime:0.000020s ]
INFO: [ template_filter ] --END-- [ RunTime:0.000055s ]
INFO: Run Behavior\ParseTemplateBehavior [ RunTime:0.002619s ]
INFO: [ view_parse ] --END-- [ RunTime:0.002644s ]
INFO: [ view_filter ] --START--
INFO: Run Behavior\WriteHtmlCacheBehavior [ RunTime:0.000082s ]
INFO: [ view_filter ] --END-- [ RunTime:0.000101s ]
INFO: [ app_end ] --START--
INFO: Run Behavior\ShowPageTraceBehavior [ RunTime:0.000226s ]
INFO: [ app_end ] --END-- [ RunTime:0.000247s ]

[ 2016-01-07T14:58:26+08:00 ] 127.0.0.1 /Document/Item/getItem
INFO: [ app_init ] --START--
INFO: Run Behavior\BuildLiteBehavior [ RunTime:0.000008s ]
INFO: [ app_init ] --END-- [ RunTime:0.000190s ]
INFO: [ app_begin ] --START--
INFO: Run Behavior\ReadHtmlCacheBehavior [ RunTime:0.000223s ]
INFO: [ app_begin ] --END-- [ RunTime:0.000245s ]
NOTIC: [2048] Non-static method Document\Server\ItemServer::showAll() should not be called statically, assuming $this from incompatible context /work/dipan.so/thinkphpDocument/Application/Document/Controller/ItemController.class.php 第 27 行.
NOTIC: [2048] Non-static method Document\Model\ItemModel::showAll() should not be called statically, assuming $this from incompatible context /work/dipan.so/thinkphpDocument/Application/Document/Server/ItemServer.class.php 第 25 行.
NOTIC: [2048] Non-static method Document\Model\ItemModel::init() should not be called statically, assuming $this from incompatible context /work/dipan.so/thinkphpDocument/Application/Document/Model/ItemModel.class.php 第 30 行.
NOTIC: [2048] Declaration of Think\Model\MongoModel::setInc() should be compatible with Think\Model::setInc($field, $step = 1, $lazyTime = 0) /work/dipan.so/thinkphpDocument/ThinkPHP/Library/Think/Model/MongoModel.class.php 第 17 行.
NOTIC: [2048] Declaration of Think\Model\MongoModel::setDec() should be compatible with Think\Model::setDec($field, $step = 1, $lazyTime = 0) /work/dipan.so/thinkphpDocument/ThinkPHP/Library/Think/Model/MongoModel.class.php 第 17 行.
NOTIC: [2048] Declaration of Think\Db\Driver\Mongo::connect() should be compatible with Think\Db\Driver::connect($config = '', $linkNum = 0, $autoConnection = false) /work/dipan.so/thinkphpDocument/ThinkPHP/Library/Think/Db/Driver/Mongo.class.php 第 18 行.
NOTIC: [2048] Declaration of Think\Db\Driver\Mongo::insertAll() should be compatible with Think\Db\Driver::insertAll($dataSet, $options = Array, $replace = false) /work/dipan.so/thinkphpDocument/ThinkPHP/Library/Think/Db/Driver/Mongo.class.php 第 18 行.
SQL: document.getCollection(item) [ RunTime:0.0000s ]
SQL: document.item.find({}) [ RunTime:0.0000s ]

[ 2016-01-07T14:58:26+08:00 ] 127.0.0.1 /Document/Item/getItem
INFO: [ app_init ] --START--
INFO: Run Behavior\BuildLiteBehavior [ RunTime:0.000010s ]
INFO: [ app_init ] --END-- [ RunTime:0.000165s ]
INFO: [ app_begin ] --START--
INFO: Run Behavior\ReadHtmlCacheBehavior [ RunTime:0.000214s ]
INFO: [ app_begin ] --END-- [ RunTime:0.000240s ]
NOTIC: [2048] Non-static method Document\Server\ItemServer::showAll() should not be called statically, assuming $this from incompatible context /work/dipan.so/thinkphpDocument/Application/Document/Controller/ItemController.class.php 第 27 行.
NOTIC: [2048] Non-static method Document\Model\ItemModel::showAll() should not be called statically, assuming $this from incompatible context /work/dipan.so/thinkphpDocument/Application/Document/Server/ItemServer.class.php 第 25 行.
NOTIC: [2048] Non-static method Document\Model\ItemModel::init() should not be called statically, assuming $this from incompatible context /work/dipan.so/thinkphpDocument/Application/Document/Model/ItemModel.class.php 第 30 行.
NOTIC: [2048] Declaration of Think\Model\MongoModel::setInc() should be compatible with Think\Model::setInc($field, $step = 1, $lazyTime = 0) /work/dipan.so/thinkphpDocument/ThinkPHP/Library/Think/Model/MongoModel.class.php 第 17 行.
NOTIC: [2048] Declaration of Think\Model\MongoModel::setDec() should be compatible with Think\Model::setDec($field, $step = 1, $lazyTime = 0) /work/dipan.so/thinkphpDocument/ThinkPHP/Library/Think/Model/MongoModel.class.php 第 17 行.
NOTIC: [2048] Declaration of Think\Db\Driver\Mongo::connect() should be compatible with Think\Db\Driver::connect($config = '', $linkNum = 0, $autoConnection = false) /work/dipan.so/thinkphpDocument/ThinkPHP/Library/Think/Db/Driver/Mongo.class.php 第 18 行.
NOTIC: [2048] Declaration of Think\Db\Driver\Mongo::insertAll() should be compatible with Think\Db\Driver::insertAll($dataSet, $options = Array, $replace = false) /work/dipan.so/thinkphpDocument/ThinkPHP/Library/Think/Db/Driver/Mongo.class.php 第 18 行.
SQL: document.getCollection(item) [ RunTime:0.0000s ]
SQL: document.item.find({}) [ RunTime:0.0000s ]

[ 2016-01-07T15:20:30+08:00 ] 192.168.0.6 /thinkphp/Public/logo.png
INFO: [ app_init ] --START--
INFO: Run Behavior\BuildLiteBehavior [ RunTime:0.000010s ]
INFO: [ app_init ] --END-- [ RunTime:0.000347s ]

[ 2016-01-07T15:21:56+08:00 ] 192.168.0.6 /thinkphp/Public/logo.png
INFO: [ app_init ] --START--
INFO: Run Behavior\BuildLiteBehavior [ RunTime:0.000008s ]
INFO: [ app_init ] --END-- [ RunTime:0.000321s ]

[ 2016-01-07T15:22:15+08:00 ] 192.168.0.6 /thinkphp/Public/logo.png
INFO: [ app_init ] --START--
INFO: Run Behavior\BuildLiteBehavior [ RunTime:0.000017s ]
INFO: [ app_init ] --END-- [ RunTime:0.000178s ]

[ 2016-01-07T15:43:12+08:00 ] 192.168.0.6 /thinkphp/Public/logo.png
INFO: [ app_init ] --START--
INFO: Run Behavior\BuildLiteBehavior [ RunTime:0.000008s ]
INFO: [ app_init ] --END-- [ RunTime:0.000327s ]

[ 2016-01-07T15:50:03+08:00 ] 192.168.0.5 /thinkphp/Public/logo.png
INFO: [ app_init ] --START--
INFO: Run Behavior\BuildLiteBehavior [ RunTime:0.000008s ]
INFO: [ app_init ] --END-- [ RunTime:0.000336s ]

[ 2016-01-07T15:50:21+08:00 ] 192.168.0.6 /thinkphp/Public/logo.png
INFO: [ app_init ] --START--
INFO: Run Behavior\BuildLiteBehavior [ RunTime:0.000007s ]
INFO: [ app_init ] --END-- [ RunTime:0.000140s ]

[ 2016-01-07T15:53:13+08:00 ] 192.168.0.6 /thinkphp/Public/logo.png
INFO: [ app_init ] --START--
INFO: Run Behavior\BuildLiteBehavior [ RunTime:0.000007s ]
INFO: [ app_init ] --END-- [ RunTime:0.000139s ]

[ 2016-01-07T15:53:43+08:00 ] 192.168.0.6 /thinkphp/Public/logo.png
INFO: [ app_init ] --START--
INFO: Run Behavior\BuildLiteBehavior [ RunTime:0.000006s ]
INFO: [ app_init ] --END-- [ RunTime:0.000140s ]

[ 2016-01-07T16:01:35+08:00 ] 192.168.0.6 /thinkphp/Public/logo.png
INFO: [ app_init ] --START--
INFO: Run Behavior\BuildLiteBehavior [ RunTime:0.000007s ]
INFO: [ app_init ] --END-- [ RunTime:0.000348s ]

[ 2016-01-07T16:02:23+08:00 ] 192.168.0.6 /thinkphp/Public/logo.png
INFO: [ app_init ] --START--
INFO: Run Behavior\BuildLiteBehavior [ RunTime:0.000006s ]
INFO: [ app_init ] --END-- [ RunTime:0.000138s ]

[ 2016-01-07T16:03:03+08:00 ] 192.168.0.6 /thinkphp/Public/logo.png
INFO: [ app_init ] --START--
INFO: Run Behavior\BuildLiteBehavior [ RunTime:0.000006s ]
INFO: [ app_init ] --END-- [ RunTime:0.000141s ]

[ 2016-01-07T16:03:47+08:00 ] 192.168.0.6 /thinkphp/Public/logo.png
INFO: [ app_init ] --START--
INFO: Run Behavior\BuildLiteBehavior [ RunTime:0.000006s ]
INFO: [ app_init ] --END-- [ RunTime:0.000139s ]

[ 2016-01-07T16:06:47+08:00 ] 192.168.0.6 /thinkphp/Public/logo.png
INFO: [ app_init ] --START--
INFO: Run Behavior\BuildLiteBehavior [ RunTime:0.000007s ]
INFO: [ app_init ] --END-- [ RunTime:0.000144s ]

[ 2016-01-07T16:08:25+08:00 ] 192.168.0.6 /thinkphp/Public/logo.png
INFO: [ app_init ] --START--
INFO: Run Behavior\BuildLiteBehavior [ RunTime:0.000008s ]
INFO: [ app_init ] --END-- [ RunTime:0.000273s ]

[ 2016-01-07T16:12:46+08:00 ] 192.168.0.6 /thinkphp/Public/logo.png
INFO: [ app_init ] --START--
INFO: Run Behavior\BuildLiteBehavior [ RunTime:0.000010s ]
INFO: [ app_init ] --END-- [ RunTime:0.000334s ]

[ 2016-01-07T16:14:08+08:00 ] 192.168.0.6 /thinkphp/Public/logo.png
INFO: [ app_init ] --START--
INFO: Run Behavior\BuildLiteBehavior [ RunTime:0.000009s ]
INFO: [ app_init ] --END-- [ RunTime:0.000351s ]

[ 2016-01-07T16:15:22+08:00 ] 192.168.0.6 /thinkphp/Public/logo.png
INFO: [ app_init ] --START--
INFO: Run Behavior\BuildLiteBehavior [ RunTime:0.000009s ]
INFO: [ app_init ] --END-- [ RunTime:0.000360s ]

[ 2016-01-07T16:20:29+08:00 ] 192.168.0.6 /thinkphp/Public/logo.png
INFO: [ app_init ] --START--
INFO: Run Behavior\BuildLiteBehavior [ RunTime:0.000010s ]
INFO: [ app_init ] --END-- [ RunTime:0.000374s ]

[ 2016-01-07T16:20:59+08:00 ] 192.168.0.6 /thinkphp/Public/logo.png
INFO: [ app_init ] --START--
INFO: Run Behavior\BuildLiteBehavior [ RunTime:0.000007s ]
INFO: [ app_init ] --END-- [ RunTime:0.000142s ]

[ 2016-01-07T16:21:43+08:00 ] 192.168.0.6 /thinkphp/Public/logo.png
INFO: [ app_init ] --START--
INFO: Run Behavior\BuildLiteBehavior [ RunTime:0.000007s ]
INFO: [ app_init ] --END-- [ RunTime:0.000139s ]

[ 2016-01-07T16:24:08+08:00 ] 192.168.0.6 /thinkphp/Public/logo.png
INFO: [ app_init ] --START--
INFO: Run Behavior\BuildLiteBehavior [ RunTime:0.000006s ]
INFO: [ app_init ] --END-- [ RunTime:0.000140s ]

[ 2016-01-07T16:24:41+08:00 ] 192.168.0.6 /thinkphp/Public/logo.png
INFO: [ app_init ] --START--
INFO: Run Behavior\BuildLiteBehavior [ RunTime:0.000008s ]
INFO: [ app_init ] --END-- [ RunTime:0.000201s ]

[ 2016-01-07T16:25:49+08:00 ] 192.168.0.6 /thinkphp/Public/logo.png
INFO: [ app_init ] --START--
INFO: Run Behavior\BuildLiteBehavior [ RunTime:0.000007s ]
INFO: [ app_init ] --END-- [ RunTime:0.000156s ]

[ 2016-01-07T16:28:25+08:00 ] 192.168.0.6 /thinkphp/Public/logo.png
INFO: [ app_init ] --START--
INFO: Run Behavior\BuildLiteBehavior [ RunTime:0.000006s ]
INFO: [ app_init ] --END-- [ RunTime:0.000139s ]

[ 2016-01-07T16:28:46+08:00 ] 192.168.0.6 /thinkphp/Public/logo.png
INFO: [ app_init ] --START--
INFO: Run Behavior\BuildLiteBehavior [ RunTime:0.000007s ]
INFO: [ app_init ] --END-- [ RunTime:0.000169s ]

[ 2016-01-07T16:29:58+08:00 ] 192.168.0.6 /thinkphp/Public/logo.png
INFO: [ app_init ] --START--
INFO: Run Behavior\BuildLiteBehavior [ RunTime:0.000006s ]
INFO: [ app_init ] --END-- [ RunTime:0.000138s ]

[ 2016-01-07T16:32:16+08:00 ] 192.168.0.6 /thinkphp/Public/logo.png
INFO: [ app_init ] --START--
INFO: Run Behavior\BuildLiteBehavior [ RunTime:0.000007s ]
INFO: [ app_init ] --END-- [ RunTime:0.000143s ]

[ 2016-01-07T16:33:22+08:00 ] 192.168.0.6 /thinkphp/Public/logo.png
INFO: [ app_init ] --START--
INFO: Run Behavior\BuildLiteBehavior [ RunTime:0.000007s ]
INFO: [ app_init ] --END-- [ RunTime:0.000140s ]

[ 2016-01-07T16:34:31+08:00 ] 192.168.0.6 /thinkphp/Public/logo.png
INFO: [ app_init ] --START--
INFO: Run Behavior\BuildLiteBehavior [ RunTime:0.000007s ]
INFO: [ app_init ] --END-- [ RunTime:0.000142s ]

[ 2016-01-07T16:35:39+08:00 ] 192.168.0.6 /thinkphp/Public/logo.png
INFO: [ app_init ] --START--
INFO: Run Behavior\BuildLiteBehavior [ RunTime:0.000006s ]
INFO: [ app_init ] --END-- [ RunTime:0.000141s ]

[ 2016-01-07T16:36:11+08:00 ] 192.168.0.6 /thinkphp/Public/logo.png
INFO: [ app_init ] --START--
INFO: Run Behavior\BuildLiteBehavior [ RunTime:0.000006s ]
INFO: [ app_init ] --END-- [ RunTime:0.000140s ]

[ 2016-01-07T16:37:08+08:00 ] 192.168.0.6 /thinkphp/Public/logo.png
INFO: [ app_init ] --START--
INFO: Run Behavior\BuildLiteBehavior [ RunTime:0.000007s ]
INFO: [ app_init ] --END-- [ RunTime:0.000138s ]

[ 2016-01-07T16:38:56+08:00 ] 192.168.0.6 /thinkphp/Public/logo.png
INFO: [ app_init ] --START--
INFO: Run Behavior\BuildLiteBehavior [ RunTime:0.000006s ]
INFO: [ app_init ] --END-- [ RunTime:0.000142s ]

[ 2016-01-07T16:40:44+08:00 ] 192.168.0.6 /thinkphp/Public/logo.png
INFO: [ app_init ] --START--
INFO: Run Behavior\BuildLiteBehavior [ RunTime:0.000008s ]
INFO: [ app_init ] --END-- [ RunTime:0.000355s ]

[ 2016-01-07T16:44:22+08:00 ] 192.168.0.6 /thinkphp/Public/logo.png
INFO: [ app_init ] --START--
INFO: Run Behavior\BuildLiteBehavior [ RunTime:0.000007s ]
INFO: [ app_init ] --END-- [ RunTime:0.000144s ]

[ 2016-01-07T16:44:35+08:00 ] 192.168.0.6 /thinkphp/Public/logo.png
INFO: [ app_init ] --START--
INFO: Run Behavior\BuildLiteBehavior [ RunTime:0.000006s ]
INFO: [ app_init ] --END-- [ RunTime:0.000167s ]

[ 2016-01-07T16:46:19+08:00 ] 192.168.0.6 /thinkphp/Public/logo.png
INFO: [ app_init ] --START--
INFO: Run Behavior\BuildLiteBehavior [ RunTime:0.000006s ]
INFO: [ app_init ] --END-- [ RunTime:0.000140s ]

[ 2016-01-07T16:49:04+08:00 ] 192.168.0.6 /thinkphp/Public/logo.png
INFO: [ app_init ] --START--
INFO: Run Behavior\BuildLiteBehavior [ RunTime:0.000006s ]
INFO: [ app_init ] --END-- [ RunTime:0.000140s ]

[ 2016-01-07T16:49:29+08:00 ] 192.168.0.6 /thinkphp/Public/logo.png
INFO: [ app_init ] --START--
INFO: Run Behavior\BuildLiteBehavior [ RunTime:0.000007s ]
INFO: [ app_init ] --END-- [ RunTime:0.000145s ]

